#
# There is insufficient memory for the Java Runtime Environment to continue.
# Native memory allocation (malloc) failed to allocate 1278416 bytes for Chunk::new
# Possible reasons:
#   The system is out of physical RAM or swap space
#   The process is running with CompressedOops enabled, and the Java Heap may be blocking the growth of the native heap
# Possible solutions:
#   Reduce memory load on the system
#   Increase physical memory or swap space
#   Check if swap backing store is full
#   Decrease Java heap size (-Xmx/-Xms)
#   Decrease number of Java threads
#   Decrease Java thread stack sizes (-Xss)
#   Set larger code cache with -XX:ReservedCodeCacheSize=
#   JVM is running with Unscaled Compressed Oops mode in which the Java heap is
#     placed in the first 4GB address space. The Java Heap base address is the
#     maximum limit for the native heap growth. Please use -XX:HeapBaseMinAddress
#     to set the Java Heap base and to place the Java Heap above 4GB virtual address.
# This output file may be truncated or incomplete.
#
#  Out of Memory Error (arena.cpp:189), pid=22172, tid=9340
#
# JRE version: OpenJDK Runtime Environment Temurin-17.0.2+8 (17.0.2+8) (build 17.0.2+8)
# Java VM: OpenJDK 64-Bit Server VM Temurin-17.0.2+8 (17.0.2+8, mixed mode, tiered, compressed oops, compressed class ptrs, parallel gc, windows-amd64)
# No core dump will be written. Minidumps are not enabled by default on client versions of Windows
#

---------------  S U M M A R Y ------------

Command Line: --add-modules=ALL-SYSTEM --add-opens=java.base/java.util=ALL-UNNAMED --add-opens=java.base/java.lang=ALL-UNNAMED --add-opens=java.base/sun.nio.fs=ALL-UNNAMED -Declipse.application=org.eclipse.jdt.ls.core.id1 -Dosgi.bundles.defaultStartLevel=4 -Declipse.product=org.eclipse.jdt.ls.core.product -Djava.import.generatesMetadataFilesAtProjectRoot=false -Dfile.encoding=utf8 -DwatchParentProcess=false -XX:+UseParallelGC -XX:GCTimeRatio=4 -XX:AdaptiveSizePolicyWeight=90 -Dsun.zip.disableMemoryMapping=true -Xmx1G -Xms100m -XX:+HeapDumpOnOutOfMemoryError -XX:HeapDumpPath=c:\Users\gaura\AppData\Roaming\Code\User\workspaceStorage\f492483df922618f318f9059ff444a45\redhat.java c:\Users\gaura\.vscode\extensions\redhat.java-1.4.0\server\plugins\org.eclipse.equinox.launcher_1.6.400.v20210924-0641.jar -configuration c:\Users\gaura\AppData\Roaming\Code\User\globalStorage\redhat.java\1.4.0\config_win -data c:\Users\gaura\AppData\Roaming\Code\User\workspaceStorage\f492483df922618f318f9059ff444a45\redhat.java\jdt_ws

Host: Intel(R) Core(TM) i5-6200U CPU @ 2.30GHz, 4 cores, 7G,  Windows 10 , 64 bit Build 19041 (10.0.19041.1566)
Time: Thu Mar 31 17:05:10 2022 India Standard Time elapsed time: 1184.768970 seconds (0d 0h 19m 44s)

---------------  T H R E A D  ---------------

Current thread (0x000001f789cadf60):  JavaThread "C2 CompilerThread0" daemon [_thread_in_native, id=9340, stack(0x0000003bf3e00000,0x0000003bf3f00000)]


Current CompileTask:
C2:1184769 17249       4       org.eclipse.jdt.internal.compiler.lookup.BinaryTypeBinding::resolveType (207 bytes)

Stack: [0x0000003bf3e00000,0x0000003bf3f00000]
Native frames: (J=compiled Java code, j=interpreted, Vv=VM code, C=native code)
V  [jvm.dll+0x67564a]
V  [jvm.dll+0x82fc04]
V  [jvm.dll+0x8313ae]
V  [jvm.dll+0x831a13]
V  [jvm.dll+0x245235]
V  [jvm.dll+0xabd7b]
V  [jvm.dll+0xac30c]
V  [jvm.dll+0x2ac33f]
V  [jvm.dll+0x57c559]
V  [jvm.dll+0x2202ed]
V  [jvm.dll+0x2206cf]
V  [jvm.dll+0x219f25]
V  [jvm.dll+0x2173eb]
V  [jvm.dll+0x1a3a8d]
V  [jvm.dll+0x226ef8]
V  [jvm.dll+0x22503c]
V  [jvm.dll+0x7e596b]
V  [jvm.dll+0x7dff2a]
V  [jvm.dll+0x6744d5]
C  [ucrtbase.dll+0x21bb2]
C  [KERNEL32.DLL+0x17034]
C  [ntdll.dll+0x52651]


---------------  P R O C E S S  ---------------

Threads class SMR info:
_java_thread_list=0x000001f7b0891120, length=47, elements={
0x000001f789bcde40, 0x000001f79d9e4b60, 0x000001f79d9e58e0, 0x000001f79da1f130,
0x000001f79da1feb0, 0x000001f79da239f0, 0x000001f789cab360, 0x000001f789cadf60,
0x000001f789cae910, 0x000001f79f4087d0, 0x000001f79f48b9f0, 0x000001f79f5aa480,
0x000001f79fb8d4a0, 0x000001f79fd54400, 0x000001f79fd54b70, 0x000001f79fce70a0,
0x000001f79f5a9290, 0x000001f7a1288710, 0x000001f79f7a9d20, 0x000001f79f7aa1f0,
0x000001f7a574afa0, 0x000001f7a574d620, 0x000001f7a574aad0, 0x000001f7a642d3e0,
0x000001f7a642dd80, 0x000001f7a6432a80, 0x000001f7a642e250, 0x000001f7a3aa8ad0,
0x000001f7a6431270, 0x000001f7a642ff30, 0x000001f7a6434290, 0x000001f7a6432f50,
0x000001f7a6430400, 0x000001f7a642ebf0, 0x000001f7a642f590, 0x000001f7a6433420,
0x000001f7a64338f0, 0x000001f7a57492c0, 0x000001f7a5749790, 0x000001f7a574e960,
0x000001f7a5750640, 0x000001f7a574b470, 0x000001f7a574be10, 0x000001f7a574ee30,
0x000001f7a574dfc0, 0x000001f7a574c2e0, 0x000001f7a574f300
}

Java Threads: ( => current thread )
  0x000001f789bcde40 JavaThread "main" [_thread_blocked, id=808, stack(0x0000003bf3500000,0x0000003bf3600000)]
  0x000001f79d9e4b60 JavaThread "Reference Handler" daemon [_thread_blocked, id=8900, stack(0x0000003bf3800000,0x0000003bf3900000)]
  0x000001f79d9e58e0 JavaThread "Finalizer" daemon [_thread_blocked, id=10140, stack(0x0000003bf3900000,0x0000003bf3a00000)]
  0x000001f79da1f130 JavaThread "Signal Dispatcher" daemon [_thread_blocked, id=20540, stack(0x0000003bf3a00000,0x0000003bf3b00000)]
  0x000001f79da1feb0 JavaThread "Attach Listener" daemon [_thread_blocked, id=14708, stack(0x0000003bf3b00000,0x0000003bf3c00000)]
  0x000001f79da239f0 JavaThread "Service Thread" daemon [_thread_blocked, id=21536, stack(0x0000003bf3c00000,0x0000003bf3d00000)]
  0x000001f789cab360 JavaThread "Monitor Deflation Thread" daemon [_thread_blocked, id=932, stack(0x0000003bf3d00000,0x0000003bf3e00000)]
=>0x000001f789cadf60 JavaThread "C2 CompilerThread0" daemon [_thread_in_native, id=9340, stack(0x0000003bf3e00000,0x0000003bf3f00000)]
  0x000001f789cae910 JavaThread "C1 CompilerThread0" daemon [_thread_blocked, id=2952, stack(0x0000003bf3f00000,0x0000003bf4000000)]
  0x000001f79f4087d0 JavaThread "Sweeper thread" daemon [_thread_blocked, id=16272, stack(0x0000003bf4000000,0x0000003bf4100000)]
  0x000001f79f48b9f0 JavaThread "Common-Cleaner" daemon [_thread_blocked, id=12640, stack(0x0000003bf4100000,0x0000003bf4200000)]
  0x000001f79f5aa480 JavaThread "Notification Thread" daemon [_thread_blocked, id=3040, stack(0x0000003bf4200000,0x0000003bf4300000)]
  0x000001f79fb8d4a0 JavaThread "Active Thread: Equinox Container: d2a5206b-4b95-41b0-b8d2-e708645d850d" [_thread_blocked, id=6496, stack(0x0000003bf4400000,0x0000003bf4500000)]
  0x000001f79fd54400 JavaThread "Framework Event Dispatcher: Equinox Container: d2a5206b-4b95-41b0-b8d2-e708645d850d" daemon [_thread_blocked, id=4016, stack(0x0000003bf4500000,0x0000003bf4600000)]
  0x000001f79fd54b70 JavaThread "Start Level: Equinox Container: d2a5206b-4b95-41b0-b8d2-e708645d850d" daemon [_thread_blocked, id=18660, stack(0x0000003bf4600000,0x0000003bf4700000)]
  0x000001f79fce70a0 JavaThread "SCR Component Actor" daemon [_thread_blocked, id=21188, stack(0x0000003bf4a00000,0x0000003bf4b00000)]
  0x000001f79f5a9290 JavaThread "Bundle File Closer" daemon [_thread_blocked, id=16524, stack(0x0000003bf4c00000,0x0000003bf4d00000)]
  0x000001f7a1288710 JavaThread "Worker-JM" [_thread_blocked, id=188, stack(0x0000003bf4d00000,0x0000003bf4e00000)]
  0x000001f79f7a9d20 JavaThread "Java indexing" daemon [_thread_blocked, id=9520, stack(0x0000003bf5000000,0x0000003bf5100000)]
  0x000001f79f7aa1f0 JavaThread "pool-2-thread-1" [_thread_in_native, id=16472, stack(0x0000003bf4b00000,0x0000003bf4c00000)]
  0x000001f7a574afa0 JavaThread "Worker-4" [_thread_blocked, id=2484, stack(0x0000003bf5400000,0x0000003bf5500000)]
  0x000001f7a574d620 JavaThread "ForkJoinPool.commonPool-worker-8" daemon [_thread_blocked, id=8340, stack(0x0000003bf4e00000,0x0000003bf4f00000)]
  0x000001f7a574aad0 JavaThread "ForkJoinPool.commonPool-worker-9" daemon [_thread_in_Java, id=15748, stack(0x0000003bf4f00000,0x0000003bf5000000)]
  0x000001f7a642d3e0 JavaThread "ForkJoinPool.commonPool-worker-10" daemon [_thread_blocked, id=6564, stack(0x0000003bf5600000,0x0000003bf5700000)]
  0x000001f7a642dd80 JavaThread "ForkJoinPool.commonPool-worker-11" daemon [_thread_blocked, id=18548, stack(0x0000003bf3300000,0x0000003bf3400000)]
  0x000001f7a6432a80 JavaThread "Worker-13" [_thread_blocked, id=7696, stack(0x0000003bf3400000,0x0000003bf3500000)]
  0x000001f7a642e250 JavaThread "Worker-14" [_thread_blocked, id=8440, stack(0x0000003bf5100000,0x0000003bf5200000)]
  0x000001f7a3aa8ad0 JavaThread "C2 CompilerThread1" daemon [_thread_in_native, id=21808, stack(0x0000003bf5200000,0x0000003bf5300000)]
  0x000001f7a6431270 JavaThread "pool-14-thread-1" [_thread_blocked, id=21400, stack(0x0000003bf5300000,0x0000003bf5400000)]
  0x000001f7a642ff30 JavaThread "pool-15-thread-1" [_thread_blocked, id=17316, stack(0x0000003bf5500000,0x0000003bf5600000)]
  0x000001f7a6434290 JavaThread "pool-16-thread-1" [_thread_blocked, id=20908, stack(0x0000003bf5700000,0x0000003bf5800000)]
  0x000001f7a6432f50 JavaThread "pool-17-thread-1" [_thread_blocked, id=7380, stack(0x0000003bf5900000,0x0000003bf5a00000)]
  0x000001f7a6430400 JavaThread "pool-18-thread-1" [_thread_blocked, id=13876, stack(0x0000003bf5800000,0x0000003bf5900000)]
  0x000001f7a642ebf0 JavaThread "pool-19-thread-1" [_thread_blocked, id=20544, stack(0x0000003bf5a00000,0x0000003bf5b00000)]
  0x000001f7a642f590 JavaThread "pool-20-thread-1" [_thread_blocked, id=19556, stack(0x0000003bf5b00000,0x0000003bf5c00000)]
  0x000001f7a6433420 JavaThread "pool-21-thread-1" [_thread_blocked, id=13416, stack(0x0000003bf5c00000,0x0000003bf5d00000)]
  0x000001f7a64338f0 JavaThread "pool-22-thread-1" [_thread_blocked, id=16768, stack(0x0000003bf5d00000,0x0000003bf5e00000)]
  0x000001f7a57492c0 JavaThread "pool-23-thread-1" [_thread_blocked, id=9968, stack(0x0000003bf5e00000,0x0000003bf5f00000)]
  0x000001f7a5749790 JavaThread "pool-24-thread-1" [_thread_blocked, id=12096, stack(0x0000003bf5f00000,0x0000003bf6000000)]
  0x000001f7a574e960 JavaThread "pool-25-thread-1" [_thread_blocked, id=18292, stack(0x0000003bf6000000,0x0000003bf6100000)]
  0x000001f7a5750640 JavaThread "pool-26-thread-1" [_thread_blocked, id=19792, stack(0x0000003bf6100000,0x0000003bf6200000)]
  0x000001f7a574b470 JavaThread "pool-27-thread-1" [_thread_blocked, id=18792, stack(0x0000003bf6200000,0x0000003bf6300000)]
  0x000001f7a574be10 JavaThread "pool-28-thread-1" [_thread_blocked, id=10936, stack(0x0000003bf6300000,0x0000003bf6400000)]
  0x000001f7a574ee30 JavaThread "pool-29-thread-1" [_thread_blocked, id=15964, stack(0x0000003bf6400000,0x0000003bf6500000)]
  0x000001f7a574dfc0 JavaThread "pool-30-thread-1" [_thread_blocked, id=600, stack(0x0000003bf6500000,0x0000003bf6600000)]
  0x000001f7a574c2e0 JavaThread "pool-31-thread-1" [_thread_blocked, id=21408, stack(0x0000003bf6600000,0x0000003bf6700000)]
  0x000001f7a574f300 JavaThread "pool-32-thread-1" [_thread_blocked, id=22448, stack(0x0000003bf6700000,0x0000003bf6800000)]

Other Threads:
  0x000001f79d9cc920 VMThread "VM Thread" [stack: 0x0000003bf3700000,0x0000003bf3800000] [id=16940]
  0x000001f79f5aa950 WatcherThread [stack: 0x0000003bf4300000,0x0000003bf4400000] [id=17556]
  0x000001f789be4e80 GCTaskThread "GC Thread#0" [stack: 0x0000003bf3600000,0x0000003bf3700000] [id=20992]
  0x000001f79fd55040 GCTaskThread "GC Thread#1" [stack: 0x0000003bf4700000,0x0000003bf4800000] [id=11576]
  0x000001f79fd552f0 GCTaskThread "GC Thread#2" [stack: 0x0000003bf4800000,0x0000003bf4900000] [id=18652]
  0x000001f79fd555a0 GCTaskThread "GC Thread#3" [stack: 0x0000003bf4900000,0x0000003bf4a00000] [id=20804]

Threads with active compile tasks:
C2 CompilerThread0  1185043 17249       4       org.eclipse.jdt.internal.compiler.lookup.BinaryTypeBinding::resolveType (207 bytes)
C2 CompilerThread1  1185043 17303  s!   4       org.eclipse.jdt.internal.core.JavaModelManager::removeInfoAndChildren (144 bytes)

VM state: not at safepoint (normal execution)

VM Mutex/Monitor currently owned by a thread: None

Heap address: 0x00000000c0000000, size: 1024 MB, Compressed Oops mode: 32-bit

CDS archive(s) not mapped
Compressed class space mapped at: 0x0000000100000000-0x0000000140000000, reserved size: 1073741824
Narrow klass base: 0x0000000000000000, Narrow klass shift: 3, Narrow klass range: 0x140000000

GC Precious Log:
 CPUs: 4 total, 4 available
 Memory: 8048M
 Large Page Support: Disabled
 NUMA Support: Disabled
 Compressed Oops: Enabled (32-bit)
 Alignments: Space 512K, Generation 512K, Heap 2M
 Heap Min Capacity: 100M
 Heap Initial Capacity: 100M
 Heap Max Capacity: 1G
 Pre-touch: Disabled
 Parallel Workers: 4

Heap:
 PSYoungGen      total 5120K, used 4781K [0x00000000eab00000, 0x00000000eb680000, 0x0000000100000000)
  eden space 3584K, 90% used [0x00000000eab00000,0x00000000eae2f088,0x00000000eae80000)
  from space 1536K, 99% used [0x00000000eae80000,0x00000000eaffc3b0,0x00000000eb000000)
  to   space 4096K, 0% used [0x00000000eb280000,0x00000000eb280000,0x00000000eb680000)
 ParOldGen       total 185344K, used 165430K [0x00000000c0000000, 0x00000000cb500000, 0x00000000eab00000)
  object space 185344K, 89% used [0x00000000c0000000,0x00000000ca18d9d8,0x00000000cb500000)
 Metaspace       used 77182K, committed 78080K, reserved 1122304K
  class space    used 7810K, committed 8192K, reserved 1048576K

Card table byte_map: [0x000001f7895a0000,0x000001f7897b0000] _byte_map_base: 0x000001f788fa0000

Marking Bits: (ParMarkBitMap*) 0x00007ffdf2883af0
 Begin Bits: [0x000001f79b860000, 0x000001f79c860000)
 End Bits:   [0x000001f79c860000, 0x000001f79d860000)

Polling page: 0x000001f787af0000

Metaspace:

Usage:
  Non-class:     67.75 MB used.
      Class:      7.63 MB used.
       Both:     75.37 MB used.

Virtual space:
  Non-class space:       72.00 MB reserved,      68.25 MB ( 95%) committed,  9 nodes.
      Class space:        1.00 GB reserved,       8.00 MB ( <1%) committed,  1 nodes.
             Both:        1.07 GB reserved,      76.25 MB (  7%) committed. 

Chunk freelists:
   Non-Class:  3.75 MB
       Class:  3.85 MB
        Both:  7.60 MB

MaxMetaspaceSize: unlimited
CompressedClassSpaceSize: 1.00 GB
Initial GC threshold: 21.00 MB
Current GC threshold: 126.88 MB
CDS: off
MetaspaceReclaimPolicy: balanced
 - commit_granule_bytes: 65536.
 - commit_granule_words: 8192.
 - virtual_space_node_default_size: 1048576.
 - enlarge_chunks_in_place: 1.
 - new_chunks_are_fully_committed: 0.
 - uncommit_free_chunks: 1.
 - use_allocation_guard: 0.
 - handle_deallocations: 1.


Internal statistics:

num_allocs_failed_limit: 9.
num_arena_births: 484.
num_arena_deaths: 66.
num_vsnodes_births: 10.
num_vsnodes_deaths: 0.
num_space_committed: 1220.
num_space_uncommitted: 0.
num_chunks_returned_to_freelist: 88.
num_chunks_taken_from_freelist: 3322.
num_chunk_merges: 34.
num_chunk_splits: 2162.
num_chunks_enlarged: 1387.
num_purges: 10.
num_inconsistent_stats: 0.

CodeHeap 'non-profiled nmethods': size=120000Kb used=12360Kb max_used=12360Kb free=107639Kb
 bounds [0x000001f794330000, 0x000001f794f50000, 0x000001f79b860000]
CodeHeap 'profiled nmethods': size=120000Kb used=29024Kb max_used=29093Kb free=90975Kb
 bounds [0x000001f78ce00000, 0x000001f78ea70000, 0x000001f794330000]
CodeHeap 'non-nmethods': size=5760Kb used=1405Kb max_used=1556Kb free=4354Kb
 bounds [0x000001f78c860000, 0x000001f78cad0000, 0x000001f78ce00000]
 total_blobs=13418 nmethods=12673 adapters=656
 compilation: enabled
              stopped_count=0, restarted_count=0
 full_count=0

Compilation events (20 events):
Event: 1184.445 Thread 0x000001f789cae910 17294       3       org.eclipse.jdt.internal.core.BinaryType::getClassFileInfo (11 bytes)
Event: 1184.445 Thread 0x000001f789cae910 nmethod 17294 0x000001f78dad6310 code [0x000001f78dad64c0, 0x000001f78dad68e8]
Event: 1184.445 Thread 0x000001f789cae910 17295       1       org.eclipse.jdt.internal.core.AbstractClassFile::isReadOnly (2 bytes)
Event: 1184.445 Thread 0x000001f789cae910 nmethod 17295 0x000001f7947bc210 code [0x000001f7947bc3a0, 0x000001f7947bc478]
Event: 1184.445 Thread 0x000001f789cae910 17296       3       org.eclipse.jdt.internal.core.ClassFileInfo::removeBinaryChildren (119 bytes)
Event: 1184.446 Thread 0x000001f789cae910 nmethod 17296 0x000001f78dad5610 code [0x000001f78dad5820, 0x000001f78dad6068]
Event: 1184.447 Thread 0x000001f789cae910 17297       3       org.eclipse.jdt.internal.core.Openable::hasUnsavedChanges (127 bytes)
Event: 1184.448 Thread 0x000001f789cae910 nmethod 17297 0x000001f78e991210 code [0x000001f78e9914e0, 0x000001f78e992758]
Event: 1184.468 Thread 0x000001f789cae910 17298   !   3       org.eclipse.jdt.internal.core.ElementCache::close (38 bytes)
Event: 1184.468 Thread 0x000001f789cae910 nmethod 17298 0x000001f78dad4d10 code [0x000001f78dad4f00, 0x000001f78dad5478]
Event: 1184.468 Thread 0x000001f789cae910 17299   !   3       org.eclipse.jdt.internal.core.Openable::canBeRemovedFromCache (16 bytes)
Event: 1184.468 Thread 0x000001f789cae910 nmethod 17299 0x000001f78e651890 code [0x000001f78e651a40, 0x000001f78e651ca8]
Event: 1184.474 Thread 0x000001f789cae910 17300       3       org.eclipse.jdt.internal.core.BinaryType::closing (10 bytes)
Event: 1184.475 Thread 0x000001f789cae910 nmethod 17300 0x000001f78e990910 code [0x000001f78e990ae0, 0x000001f78e991038]
Event: 1184.667 Thread 0x000001f7a3aa8ad0 nmethod 17200% 0x000001f794f24f90 code [0x000001f794f258c0, 0x000001f794f389d0]
Event: 1184.669 Thread 0x000001f7a3aa8ad0 17304       4       org.eclipse.jdt.internal.core.JavaModelCache::peekAtInfo (135 bytes)
Event: 1184.671 Thread 0x000001f789cae910 17306       1       org.eclipse.jdt.internal.core.ReconcileWorkingCopyOperation::isReadOnly (2 bytes)
Event: 1184.672 Thread 0x000001f789cae910 nmethod 17306 0x000001f7947bbf10 code [0x000001f7947bc0a0, 0x000001f7947bc178]
Event: 1184.678 Thread 0x000001f789cae910 17307       3       org.eclipse.jdt.internal.compiler.parser.Parser::isAFieldDeclarationInRecord (199 bytes)
Event: 1184.680 Thread 0x000001f789cae910 nmethod 17307 0x000001f78e98f390 code [0x000001f78e98f600, 0x000001f78e990548]

GC Heap History (20 events):
Event: 1184.117 GC heap before
{Heap before GC invocations=1298 (full 39):
 PSYoungGen      total 2560K, used 2257K [0x00000000eab00000, 0x00000000eaf00000, 0x0000000100000000)
  eden space 1536K, 90% used [0x00000000eab00000,0x00000000eac5c790,0x00000000eac80000)
  from space 1024K, 84% used [0x00000000eae00000,0x00000000eaed8000,0x00000000eaf00000)
  to   space 1024K, 0% used [0x00000000ead00000,0x00000000ead00000,0x00000000eae00000)
 ParOldGen       total 185344K, used 154290K [0x00000000c0000000, 0x00000000cb500000, 0x00000000eab00000)
  object space 185344K, 83% used [0x00000000c0000000,0x00000000c96aca60,0x00000000cb500000)
 Metaspace       used 77156K, committed 78080K, reserved 1122304K
  class space    used 7810K, committed 8192K, reserved 1048576K
}
Event: 1184.120 GC heap after
{Heap after GC invocations=1298 (full 39):
 PSYoungGen      total 3072K, used 1000K [0x00000000eab00000, 0x00000000eb000000, 0x0000000100000000)
  eden space 2048K, 0% used [0x00000000eab00000,0x00000000eab00000,0x00000000ead00000)
  from space 1024K, 97% used [0x00000000ead00000,0x00000000eadfa000,0x00000000eae00000)
  to   space 1536K, 0% used [0x00000000eae80000,0x00000000eae80000,0x00000000eb000000)
 ParOldGen       total 185344K, used 155120K [0x00000000c0000000, 0x00000000cb500000, 0x00000000eab00000)
  object space 185344K, 83% used [0x00000000c0000000,0x00000000c977c158,0x00000000cb500000)
 Metaspace       used 77156K, committed 78080K, reserved 1122304K
  class space    used 7810K, committed 8192K, reserved 1048576K
}
Event: 1184.161 GC heap before
{Heap before GC invocations=1299 (full 39):
 PSYoungGen      total 3072K, used 3048K [0x00000000eab00000, 0x00000000eb000000, 0x0000000100000000)
  eden space 2048K, 100% used [0x00000000eab00000,0x00000000ead00000,0x00000000ead00000)
  from space 1024K, 97% used [0x00000000ead00000,0x00000000eadfa000,0x00000000eae00000)
  to   space 1536K, 0% used [0x00000000eae80000,0x00000000eae80000,0x00000000eb000000)
 ParOldGen       total 185344K, used 155120K [0x00000000c0000000, 0x00000000cb500000, 0x00000000eab00000)
  object space 185344K, 83% used [0x00000000c0000000,0x00000000c977c158,0x00000000cb500000)
 Metaspace       used 77157K, committed 78080K, reserved 1122304K
  class space    used 7810K, committed 8192K, reserved 1048576K
}
Event: 1184.165 GC heap after
{Heap after GC invocations=1299 (full 39):
 PSYoungGen      total 3584K, used 947K [0x00000000eab00000, 0x00000000eaf80000, 0x0000000100000000)
  eden space 2560K, 0% used [0x00000000eab00000,0x00000000eab00000,0x00000000ead80000)
  from space 1024K, 92% used [0x00000000eae80000,0x00000000eaf6cc88,0x00000000eaf80000)
  to   space 1024K, 0% used [0x00000000ead80000,0x00000000ead80000,0x00000000eae80000)
 ParOldGen       total 185344K, used 155878K [0x00000000c0000000, 0x00000000cb500000, 0x00000000eab00000)
  object space 185344K, 84% used [0x00000000c0000000,0x00000000c9839ab0,0x00000000cb500000)
 Metaspace       used 77157K, committed 78080K, reserved 1122304K
  class space    used 7810K, committed 8192K, reserved 1048576K
}
Event: 1184.280 GC heap before
{Heap before GC invocations=1300 (full 39):
 PSYoungGen      total 3584K, used 3507K [0x00000000eab00000, 0x00000000eaf80000, 0x0000000100000000)
  eden space 2560K, 99% used [0x00000000eab00000,0x00000000ead7fff0,0x00000000ead80000)
  from space 1024K, 92% used [0x00000000eae80000,0x00000000eaf6cc88,0x00000000eaf80000)
  to   space 1024K, 0% used [0x00000000ead80000,0x00000000ead80000,0x00000000eae80000)
 ParOldGen       total 185344K, used 155878K [0x00000000c0000000, 0x00000000cb500000, 0x00000000eab00000)
  object space 185344K, 84% used [0x00000000c0000000,0x00000000c9839ab0,0x00000000cb500000)
 Metaspace       used 77157K, committed 78080K, reserved 1122304K
  class space    used 7810K, committed 8192K, reserved 1048576K
}
Event: 1184.282 GC heap after
{Heap after GC invocations=1300 (full 39):
 PSYoungGen      total 3584K, used 696K [0x00000000eab00000, 0x00000000eb000000, 0x0000000100000000)
  eden space 2560K, 0% used [0x00000000eab00000,0x00000000eab00000,0x00000000ead80000)
  from space 1024K, 68% used [0x00000000ead80000,0x00000000eae2e150,0x00000000eae80000)
  to   space 1024K, 0% used [0x00000000eaf00000,0x00000000eaf00000,0x00000000eb000000)
 ParOldGen       total 185344K, used 156715K [0x00000000c0000000, 0x00000000cb500000, 0x00000000eab00000)
  object space 185344K, 84% used [0x00000000c0000000,0x00000000c990aee0,0x00000000cb500000)
 Metaspace       used 77157K, committed 78080K, reserved 1122304K
  class space    used 7810K, committed 8192K, reserved 1048576K
}
Event: 1184.348 GC heap before
{Heap before GC invocations=1301 (full 39):
 PSYoungGen      total 3584K, used 3256K [0x00000000eab00000, 0x00000000eb000000, 0x0000000100000000)
  eden space 2560K, 100% used [0x00000000eab00000,0x00000000ead80000,0x00000000ead80000)
  from space 1024K, 68% used [0x00000000ead80000,0x00000000eae2e150,0x00000000eae80000)
  to   space 1024K, 0% used [0x00000000eaf00000,0x00000000eaf00000,0x00000000eb000000)
 ParOldGen       total 185344K, used 156715K [0x00000000c0000000, 0x00000000cb500000, 0x00000000eab00000)
  object space 185344K, 84% used [0x00000000c0000000,0x00000000c990aee0,0x00000000cb500000)
 Metaspace       used 77160K, committed 78080K, reserved 1122304K
  class space    used 7810K, committed 8192K, reserved 1048576K
}
Event: 1184.352 GC heap after
{Heap after GC invocations=1301 (full 39):
 PSYoungGen      total 3072K, used 1001K [0x00000000eab00000, 0x00000000eb200000, 0x0000000100000000)
  eden space 2048K, 0% used [0x00000000eab00000,0x00000000eab00000,0x00000000ead00000)
  from space 1024K, 97% used [0x00000000eaf00000,0x00000000eaffa7d8,0x00000000eb000000)
  to   space 2048K, 0% used [0x00000000ead00000,0x00000000ead00000,0x00000000eaf00000)
 ParOldGen       total 185344K, used 157219K [0x00000000c0000000, 0x00000000cb500000, 0x00000000eab00000)
  object space 185344K, 84% used [0x00000000c0000000,0x00000000c9988f00,0x00000000cb500000)
 Metaspace       used 77160K, committed 78080K, reserved 1122304K
  class space    used 7810K, committed 8192K, reserved 1048576K
}
Event: 1184.374 GC heap before
{Heap before GC invocations=1302 (full 39):
 PSYoungGen      total 3072K, used 3049K [0x00000000eab00000, 0x00000000eb200000, 0x0000000100000000)
  eden space 2048K, 100% used [0x00000000eab00000,0x00000000ead00000,0x00000000ead00000)
  from space 1024K, 97% used [0x00000000eaf00000,0x00000000eaffa7d8,0x00000000eb000000)
  to   space 2048K, 0% used [0x00000000ead00000,0x00000000ead00000,0x00000000eaf00000)
 ParOldGen       total 185344K, used 157219K [0x00000000c0000000, 0x00000000cb500000, 0x00000000eab00000)
  object space 185344K, 84% used [0x00000000c0000000,0x00000000c9988f00,0x00000000cb500000)
 Metaspace       used 77164K, committed 78080K, reserved 1122304K
  class space    used 7810K, committed 8192K, reserved 1048576K
}
Event: 1184.379 GC heap after
{Heap after GC invocations=1302 (full 39):
 PSYoungGen      total 4096K, used 898K [0x00000000eab00000, 0x00000000eb080000, 0x0000000100000000)
  eden space 2048K, 0% used [0x00000000eab00000,0x00000000eab00000,0x00000000ead00000)
  from space 2048K, 43% used [0x00000000ead00000,0x00000000eade0b68,0x00000000eaf00000)
  to   space 1536K, 0% used [0x00000000eaf00000,0x00000000eaf00000,0x00000000eb080000)
 ParOldGen       total 185344K, used 158196K [0x00000000c0000000, 0x00000000cb500000, 0x00000000eab00000)
  object space 185344K, 85% used [0x00000000c0000000,0x00000000c9a7d2f0,0x00000000cb500000)
 Metaspace       used 77164K, committed 78080K, reserved 1122304K
  class space    used 7810K, committed 8192K, reserved 1048576K
}
Event: 1184.408 GC heap before
{Heap before GC invocations=1303 (full 39):
 PSYoungGen      total 4096K, used 2944K [0x00000000eab00000, 0x00000000eb080000, 0x0000000100000000)
  eden space 2048K, 99% used [0x00000000eab00000,0x00000000eacff5c8,0x00000000ead00000)
  from space 2048K, 43% used [0x00000000ead00000,0x00000000eade0b68,0x00000000eaf00000)
  to   space 1536K, 0% used [0x00000000eaf00000,0x00000000eaf00000,0x00000000eb080000)
 ParOldGen       total 185344K, used 158196K [0x00000000c0000000, 0x00000000cb500000, 0x00000000eab00000)
  object space 185344K, 85% used [0x00000000c0000000,0x00000000c9a7d2f0,0x00000000cb500000)
 Metaspace       used 77164K, committed 78080K, reserved 1122304K
  class space    used 7810K, committed 8192K, reserved 1048576K
}
Event: 1184.412 GC heap after
{Heap after GC invocations=1303 (full 39):
 PSYoungGen      total 3584K, used 640K [0x00000000eab00000, 0x00000000eb000000, 0x0000000100000000)
  eden space 2560K, 0% used [0x00000000eab00000,0x00000000eab00000,0x00000000ead80000)
  from space 1024K, 62% used [0x00000000eaf00000,0x00000000eafa0000,0x00000000eb000000)
  to   space 1024K, 0% used [0x00000000eae00000,0x00000000eae00000,0x00000000eaf00000)
 ParOldGen       total 185344K, used 159048K [0x00000000c0000000, 0x00000000cb500000, 0x00000000eab00000)
  object space 185344K, 85% used [0x00000000c0000000,0x00000000c9b52198,0x00000000cb500000)
 Metaspace       used 77164K, committed 78080K, reserved 1122304K
  class space    used 7810K, committed 8192K, reserved 1048576K
}
Event: 1184.571 GC heap before
{Heap before GC invocations=1304 (full 39):
 PSYoungGen      total 3584K, used 3199K [0x00000000eab00000, 0x00000000eb000000, 0x0000000100000000)
  eden space 2560K, 99% used [0x00000000eab00000,0x00000000ead7fff8,0x00000000ead80000)
  from space 1024K, 62% used [0x00000000eaf00000,0x00000000eafa0000,0x00000000eb000000)
  to   space 1024K, 0% used [0x00000000eae00000,0x00000000eae00000,0x00000000eaf00000)
 ParOldGen       total 185344K, used 159048K [0x00000000c0000000, 0x00000000cb500000, 0x00000000eab00000)
  object space 185344K, 85% used [0x00000000c0000000,0x00000000c9b52198,0x00000000cb500000)
 Metaspace       used 77171K, committed 78080K, reserved 1122304K
  class space    used 7810K, committed 8192K, reserved 1048576K
}
Event: 1184.574 GC heap after
{Heap after GC invocations=1304 (full 39):
 PSYoungGen      total 4096K, used 539K [0x00000000eab00000, 0x00000000eb000000, 0x0000000100000000)
  eden space 3072K, 0% used [0x00000000eab00000,0x00000000eab00000,0x00000000eae00000)
  from space 1024K, 52% used [0x00000000eae00000,0x00000000eae86dc0,0x00000000eaf00000)
  to   space 1024K, 0% used [0x00000000eaf00000,0x00000000eaf00000,0x00000000eb000000)
 ParOldGen       total 185344K, used 159628K [0x00000000c0000000, 0x00000000cb500000, 0x00000000eab00000)
  object space 185344K, 86% used [0x00000000c0000000,0x00000000c9be3150,0x00000000cb500000)
 Metaspace       used 77171K, committed 78080K, reserved 1122304K
  class space    used 7810K, committed 8192K, reserved 1048576K
}
Event: 1184.627 GC heap before
{Heap before GC invocations=1305 (full 39):
 PSYoungGen      total 4096K, used 3611K [0x00000000eab00000, 0x00000000eb000000, 0x0000000100000000)
  eden space 3072K, 99% used [0x00000000eab00000,0x00000000eadfff40,0x00000000eae00000)
  from space 1024K, 52% used [0x00000000eae00000,0x00000000eae86dc0,0x00000000eaf00000)
  to   space 1024K, 0% used [0x00000000eaf00000,0x00000000eaf00000,0x00000000eb000000)
 ParOldGen       total 185344K, used 159628K [0x00000000c0000000, 0x00000000cb500000, 0x00000000eab00000)
  object space 185344K, 86% used [0x00000000c0000000,0x00000000c9be3150,0x00000000cb500000)
 Metaspace       used 77171K, committed 78080K, reserved 1122304K
  class space    used 7810K, committed 8192K, reserved 1048576K
}
Event: 1184.630 GC heap after
{Heap after GC invocations=1305 (full 39):
 PSYoungGen      total 3584K, used 1009K [0x00000000eab00000, 0x00000000eb100000, 0x0000000100000000)
  eden space 2560K, 0% used [0x00000000eab00000,0x00000000eab00000,0x00000000ead80000)
  from space 1024K, 98% used [0x00000000eaf00000,0x00000000eaffc5e0,0x00000000eb000000)
  to   space 1536K, 0% used [0x00000000ead80000,0x00000000ead80000,0x00000000eaf00000)
 ParOldGen       total 185344K, used 159971K [0x00000000c0000000, 0x00000000cb500000, 0x00000000eab00000)
  object space 185344K, 86% used [0x00000000c0000000,0x00000000c9c38ee8,0x00000000cb500000)
 Metaspace       used 77171K, committed 78080K, reserved 1122304K
  class space    used 7810K, committed 8192K, reserved 1048576K
}
Event: 1184.661 GC heap before
{Heap before GC invocations=1306 (full 39):
 PSYoungGen      total 3584K, used 3568K [0x00000000eab00000, 0x00000000eb100000, 0x0000000100000000)
  eden space 2560K, 99% used [0x00000000eab00000,0x00000000ead7fbc0,0x00000000ead80000)
  from space 1024K, 98% used [0x00000000eaf00000,0x00000000eaffc5e0,0x00000000eb000000)
  to   space 1536K, 0% used [0x00000000ead80000,0x00000000ead80000,0x00000000eaf00000)
 ParOldGen       total 185344K, used 159971K [0x00000000c0000000, 0x00000000cb500000, 0x00000000eab00000)
  object space 185344K, 86% used [0x00000000c0000000,0x00000000c9c38ee8,0x00000000cb500000)
 Metaspace       used 77171K, committed 78080K, reserved 1122304K
  class space    used 7810K, committed 8192K, reserved 1048576K
}
Event: 1184.665 GC heap after
{Heap after GC invocations=1306 (full 39):
 PSYoungGen      total 4096K, used 864K [0x00000000eab00000, 0x00000000eb100000, 0x0000000100000000)
  eden space 2560K, 0% used [0x00000000eab00000,0x00000000eab00000,0x00000000ead80000)
  from space 1536K, 56% used [0x00000000ead80000,0x00000000eae58000,0x00000000eaf00000)
  to   space 1536K, 0% used [0x00000000eaf80000,0x00000000eaf80000,0x00000000eb100000)
 ParOldGen       total 185344K, used 160996K [0x00000000c0000000, 0x00000000cb500000, 0x00000000eab00000)
  object space 185344K, 86% used [0x00000000c0000000,0x00000000c9d39398,0x00000000cb500000)
 Metaspace       used 77171K, committed 78080K, reserved 1122304K
  class space    used 7810K, committed 8192K, reserved 1048576K
}
Event: 1184.694 GC heap before
{Heap before GC invocations=1307 (full 39):
 PSYoungGen      total 4096K, used 3424K [0x00000000eab00000, 0x00000000eb100000, 0x0000000100000000)
  eden space 2560K, 100% used [0x00000000eab00000,0x00000000ead80000,0x00000000ead80000)
  from space 1536K, 56% used [0x00000000ead80000,0x00000000eae58000,0x00000000eaf00000)
  to   space 1536K, 0% used [0x00000000eaf80000,0x00000000eaf80000,0x00000000eb100000)
 ParOldGen       total 185344K, used 160996K [0x00000000c0000000, 0x00000000cb500000, 0x00000000eab00000)
  object space 185344K, 86% used [0x00000000c0000000,0x00000000c9d39398,0x00000000cb500000)
 Metaspace       used 77171K, committed 78080K, reserved 1122304K
  class space    used 7810K, committed 8192K, reserved 1048576K
}
Event: 1184.698 GC heap after
{Heap after GC invocations=1307 (full 39):
 PSYoungGen      total 4096K, used 1520K [0x00000000eab00000, 0x00000000eb200000, 0x0000000100000000)
  eden space 2560K, 0% used [0x00000000eab00000,0x00000000eab00000,0x00000000ead80000)
  from space 1536K, 99% used [0x00000000eaf80000,0x00000000eb0fc378,0x00000000eb100000)
  to   space 2048K, 0% used [0x00000000ead80000,0x00000000ead80000,0x00000000eaf80000)
 ParOldGen       total 185344K, used 161128K [0x00000000c0000000, 0x00000000cb500000, 0x00000000eab00000)
  object space 185344K, 86% used [0x00000000c0000000,0x00000000c9d5a3b8,0x00000000cb500000)
 Metaspace       used 77171K, committed 78080K, reserved 1122304K
  class space    used 7810K, committed 8192K, reserved 1048576K
}

Deoptimization events (20 events):
Event: 1182.324 Thread 0x000001f7a642d3e0 DEOPT PACKING pc=0x000001f794de8e60 sp=0x0000003bf56fe360
Event: 1182.324 Thread 0x000001f7a642d3e0 DEOPT UNPACKING pc=0x000001f78c8b20a3 sp=0x0000003bf56fe318 mode 2
Event: 1182.324 Thread 0x000001f7a642d3e0 Uncommon trap: trap_request=0xffffffde fr.pc=0x000001f794de8e60 relative=0x0000000000002d00
Event: 1182.324 Thread 0x000001f7a642d3e0 Uncommon trap: reason=class_check action=maybe_recompile pc=0x000001f794de8e60 method=org.eclipse.jdt.internal.core.NameLookup.seekTypesInBinaryPackage(Ljava/lang/String;Lorg/eclipse/jdt/core/IPackageFragment;ZILorg/eclipse/jdt/internal/core/IJavaElementR
Event: 1182.324 Thread 0x000001f7a642d3e0 DEOPT PACKING pc=0x000001f794de8e60 sp=0x0000003bf56fe360
Event: 1182.324 Thread 0x000001f7a642d3e0 DEOPT UNPACKING pc=0x000001f78c8b20a3 sp=0x0000003bf56fe318 mode 2
Event: 1183.478 Thread 0x000001f7a642d3e0 DEOPT PACKING pc=0x000001f78e86712d sp=0x0000003bf56fdad0
Event: 1183.478 Thread 0x000001f7a642d3e0 DEOPT UNPACKING pc=0x000001f78c8b2843 sp=0x0000003bf56fd0e8 mode 0
Event: 1183.741 Thread 0x000001f79f7aa1f0 DEOPT PACKING pc=0x000001f78e920f03 sp=0x0000003bf4bfe630
Event: 1183.741 Thread 0x000001f79f7aa1f0 DEOPT UNPACKING pc=0x000001f78c8b2843 sp=0x0000003bf4bfdb88 mode 0
Event: 1183.971 Thread 0x000001f7a642d3e0 Uncommon trap: trap_request=0xffffff45 fr.pc=0x000001f794d1682c relative=0x00000000000002ac
Event: 1183.971 Thread 0x000001f7a642d3e0 Uncommon trap: reason=unstable_if action=reinterpret pc=0x000001f794d1682c method=org.eclipse.jdt.internal.core.ClassFileInfo.generateStandardAnnotationsInfos(Lorg/eclipse/jdt/internal/core/JavaElement;[CJLjava/util/HashMap;)V @ 112 c2
Event: 1183.972 Thread 0x000001f7a642d3e0 DEOPT PACKING pc=0x000001f794d1682c sp=0x0000003bf56fda80
Event: 1183.972 Thread 0x000001f7a642d3e0 DEOPT UNPACKING pc=0x000001f78c8b20a3 sp=0x0000003bf56fd8e0 mode 2
Event: 1184.009 Thread 0x000001f7a642d3e0 DEOPT PACKING pc=0x000001f78e86712d sp=0x0000003bf56fdad0
Event: 1184.009 Thread 0x000001f7a642d3e0 DEOPT UNPACKING pc=0x000001f78c8b2843 sp=0x0000003bf56fd0e8 mode 0
Event: 1184.442 Thread 0x000001f7a642d3e0 Uncommon trap: trap_request=0xffffff45 fr.pc=0x000001f79498748c relative=0x0000000000001b0c
Event: 1184.442 Thread 0x000001f7a642d3e0 Uncommon trap: reason=unstable_if action=reinterpret pc=0x000001f79498748c method=org.eclipse.jdt.internal.core.JavaModelCache.peekAtInfo(Lorg/eclipse/jdt/core/IJavaElement;)Ljava/lang/Object; @ 108 c2
Event: 1184.442 Thread 0x000001f7a642d3e0 DEOPT PACKING pc=0x000001f79498748c sp=0x0000003bf56fdcf0
Event: 1184.442 Thread 0x000001f7a642d3e0 DEOPT UNPACKING pc=0x000001f78c8b20a3 sp=0x0000003bf56fdcc8 mode 2

Classes unloaded (20 events):
Event: 955.129 Thread 0x000001f79d9cc920 Unloading class 0x0000000100180000 'java/lang/invoke/LambdaForm$MH+0x0000000100180000'
Event: 955.129 Thread 0x000001f79d9cc920 Unloading class 0x0000000100129000 'jdk/internal/reflect/GeneratedMethodAccessor5'
Event: 955.129 Thread 0x000001f79d9cc920 Unloading class 0x0000000100128c00 'jdk/internal/reflect/GeneratedMethodAccessor4'
Event: 955.129 Thread 0x000001f79d9cc920 Unloading class 0x0000000100128800 'jdk/internal/reflect/GeneratedMethodAccessor3'
Event: 955.129 Thread 0x000001f79d9cc920 Unloading class 0x0000000100128400 'jdk/internal/reflect/GeneratedMethodAccessor2'
Event: 955.129 Thread 0x000001f79d9cc920 Unloading class 0x0000000100128000 'jdk/internal/reflect/GeneratedMethodAccessor1'
Event: 955.129 Thread 0x000001f79d9cc920 Unloading class 0x000000010011a400 'java/lang/invoke/LambdaForm$DMH+0x000000010011a400'
Event: 955.129 Thread 0x000001f79d9cc920 Unloading class 0x0000000100119c00 'java/lang/invoke/LambdaForm$DMH+0x0000000100119c00'
Event: 962.711 Thread 0x000001f79d9cc920 Unloading class 0x0000000100435400 'jdk/internal/reflect/GeneratedConstructorAccessor12'
Event: 962.711 Thread 0x000001f79d9cc920 Unloading class 0x0000000100435000 'jdk/internal/reflect/GeneratedConstructorAccessor11'
Event: 962.711 Thread 0x000001f79d9cc920 Unloading class 0x0000000100434800 'jdk/internal/reflect/GeneratedConstructorAccessor9'
Event: 962.711 Thread 0x000001f79d9cc920 Unloading class 0x0000000100434400 'jdk/internal/reflect/GeneratedConstructorAccessor8'
Event: 962.711 Thread 0x000001f79d9cc920 Unloading class 0x0000000100434000 'jdk/internal/reflect/GeneratedConstructorAccessor7'
Event: 967.185 Thread 0x000001f79d9cc920 Unloading class 0x0000000100300400 'java/lang/invoke/LambdaForm$MH+0x0000000100300400'
Event: 967.185 Thread 0x000001f79d9cc920 Unloading class 0x00000001002ad400 'java/lang/invoke/LambdaForm$MH+0x00000001002ad400'
Event: 967.185 Thread 0x000001f79d9cc920 Unloading class 0x00000001002ad000 'java/lang/invoke/LambdaForm$MH+0x00000001002ad000'
Event: 967.185 Thread 0x000001f79d9cc920 Unloading class 0x00000001002acc00 'java/lang/invoke/LambdaForm$MH+0x00000001002acc00'
Event: 967.185 Thread 0x000001f79d9cc920 Unloading class 0x00000001002ac800 'java/lang/invoke/LambdaForm$MH+0x00000001002ac800'
Event: 967.185 Thread 0x000001f79d9cc920 Unloading class 0x00000001002ac400 'java/lang/invoke/LambdaForm$MH+0x00000001002ac400'
Event: 967.185 Thread 0x000001f79d9cc920 Unloading class 0x00000001002ac000 'java/lang/invoke/LambdaForm$MH+0x00000001002ac000'

Classes redefined (0 events):
No events

Internal exceptions (20 events):
Event: 1182.986 Thread 0x000001f7a574afa0 Exception <a 'sun/nio/fs/WindowsException'{0x00000000eaee4d38}> (0x00000000eaee4d38) 
thrown [e:\jenkins\tmp\workspace\build\src\src\hotspot\share\prims\jni.cpp, line 516]
Event: 1182.992 Thread 0x000001f7a574afa0 Exception <a 'sun/nio/fs/WindowsException'{0x00000000eaee9c18}> (0x00000000eaee9c18) 
thrown [e:\jenkins\tmp\workspace\build\src\src\hotspot\share\prims\jni.cpp, line 516]
Event: 1183.049 Thread 0x000001f7a574afa0 Exception <a 'sun/nio/fs/WindowsException'{0x00000000eaccd3b0}> (0x00000000eaccd3b0) 
thrown [e:\jenkins\tmp\workspace\build\src\src\hotspot\share\prims\jni.cpp, line 516]
Event: 1183.052 Thread 0x000001f7a574afa0 Exception <a 'sun/nio/fs/WindowsException'{0x00000000eacd3180}> (0x00000000eacd3180) 
thrown [e:\jenkins\tmp\workspace\build\src\src\hotspot\share\prims\jni.cpp, line 516]
Event: 1183.057 Thread 0x000001f7a574afa0 Exception <a 'sun/nio/fs/WindowsException'{0x00000000eacd84e8}> (0x00000000eacd84e8) 
thrown [e:\jenkins\tmp\workspace\build\src\src\hotspot\share\prims\jni.cpp, line 516]
Event: 1183.063 Thread 0x000001f7a574afa0 Exception <a 'sun/nio/fs/WindowsException'{0x00000000eacf1538}> (0x00000000eacf1538) 
thrown [e:\jenkins\tmp\workspace\build\src\src\hotspot\share\prims\jni.cpp, line 516]
Event: 1183.064 Thread 0x000001f7a574afa0 Exception <a 'sun/nio/fs/WindowsException'{0x00000000eacf71f0}> (0x00000000eacf71f0) 
thrown [e:\jenkins\tmp\workspace\build\src\src\hotspot\share\prims\jni.cpp, line 516]
Event: 1183.065 Thread 0x000001f7a574afa0 Exception <a 'sun/nio/fs/WindowsException'{0x00000000eacfc290}> (0x00000000eacfc290) 
thrown [e:\jenkins\tmp\workspace\build\src\src\hotspot\share\prims\jni.cpp, line 516]
Event: 1183.073 Thread 0x000001f7a574afa0 Exception <a 'sun/nio/fs/WindowsException'{0x00000000ead44cf8}> (0x00000000ead44cf8) 
thrown [e:\jenkins\tmp\workspace\build\src\src\hotspot\share\prims\jni.cpp, line 516]
Event: 1183.074 Thread 0x000001f7a574afa0 Exception <a 'sun/nio/fs/WindowsException'{0x00000000ead5e538}> (0x00000000ead5e538) 
thrown [e:\jenkins\tmp\workspace\build\src\src\hotspot\share\prims\jni.cpp, line 516]
Event: 1183.081 Thread 0x000001f7a574afa0 Exception <a 'sun/nio/fs/WindowsException'{0x00000000eab68e80}> (0x00000000eab68e80) 
thrown [e:\jenkins\tmp\workspace\build\src\src\hotspot\share\prims\jni.cpp, line 516]
Event: 1183.087 Thread 0x000001f7a574afa0 Exception <a 'sun/nio/fs/WindowsException'{0x00000000eac99cf0}> (0x00000000eac99cf0) 
thrown [e:\jenkins\tmp\workspace\build\src\src\hotspot\share\prims\jni.cpp, line 516]
Event: 1183.088 Thread 0x000001f7a574afa0 Exception <a 'sun/nio/fs/WindowsException'{0x00000000eacea648}> (0x00000000eacea648) 
thrown [e:\jenkins\tmp\workspace\build\src\src\hotspot\share\prims\jni.cpp, line 516]
Event: 1183.358 Thread 0x000001f7a574afa0 Exception <a 'sun/nio/fs/WindowsException'{0x00000000eabfd658}> (0x00000000eabfd658) 
thrown [e:\jenkins\tmp\workspace\build\src\src\hotspot\share\prims\jni.cpp, line 516]
Event: 1183.433 Thread 0x000001f7a574afa0 Exception <a 'sun/nio/fs/WindowsException'{0x00000000eaed1ba0}> (0x00000000eaed1ba0) 
thrown [e:\jenkins\tmp\workspace\build\src\src\hotspot\share\prims\jni.cpp, line 516]
Event: 1183.447 Thread 0x000001f7a574afa0 Exception <a 'sun/nio/fs/WindowsException'{0x00000000eab4d820}> (0x00000000eab4d820) 
thrown [e:\jenkins\tmp\workspace\build\src\src\hotspot\share\prims\jni.cpp, line 516]
Event: 1183.452 Thread 0x000001f7a574afa0 Exception <a 'sun/nio/fs/WindowsException'{0x00000000eab7b3a0}> (0x00000000eab7b3a0) 
thrown [e:\jenkins\tmp\workspace\build\src\src\hotspot\share\prims\jni.cpp, line 516]
Event: 1183.462 Thread 0x000001f7a574afa0 Exception <a 'sun/nio/fs/WindowsException'{0x00000000eab957a0}> (0x00000000eab957a0) 
thrown [e:\jenkins\tmp\workspace\build\src\src\hotspot\share\prims\jni.cpp, line 516]
Event: 1183.823 Thread 0x000001f79f7a9d20 Exception <a 'sun/nio/fs/WindowsException'{0x00000000eadc24c8}> (0x00000000eadc24c8) 
thrown [e:\jenkins\tmp\workspace\build\src\src\hotspot\share\prims\jni.cpp, line 516]
Event: 1184.229 Thread 0x000001f79f7a9d20 Exception <a 'sun/nio/fs/WindowsException'{0x00000000eac669e8}> (0x00000000eac669e8) 
thrown [e:\jenkins\tmp\workspace\build\src\src\hotspot\share\prims\jni.cpp, line 516]

VM Operations (20 events):
Event: 1184.120 Executing VM operation: ParallelGCFailedAllocation done
Event: 1184.161 Executing VM operation: ParallelGCFailedAllocation
Event: 1184.165 Executing VM operation: ParallelGCFailedAllocation done
Event: 1184.280 Executing VM operation: ParallelGCFailedAllocation
Event: 1184.282 Executing VM operation: ParallelGCFailedAllocation done
Event: 1184.345 Executing VM operation: ParallelGCFailedAllocation
Event: 1184.352 Executing VM operation: ParallelGCFailedAllocation done
Event: 1184.373 Executing VM operation: ParallelGCFailedAllocation
Event: 1184.379 Executing VM operation: ParallelGCFailedAllocation done
Event: 1184.395 Executing VM operation: ParallelGCFailedAllocation
Event: 1184.414 Executing VM operation: ParallelGCFailedAllocation done
Event: 1184.556 Executing VM operation: ParallelGCFailedAllocation
Event: 1184.575 Executing VM operation: ParallelGCFailedAllocation done
Event: 1184.607 Executing VM operation: ParallelGCFailedAllocation
Event: 1184.633 Executing VM operation: ParallelGCFailedAllocation done
Event: 1184.647 Executing VM operation: ParallelGCFailedAllocation
Event: 1184.665 Executing VM operation: ParallelGCFailedAllocation done
Event: 1184.682 Executing VM operation: ParallelGCFailedAllocation
Event: 1184.715 Executing VM operation: ParallelGCFailedAllocation done
Event: 1184.728 Executing VM operation: ParallelGCFailedAllocation

Events (20 events):
Event: 1181.805 Thread 0x000001f79f4087d0 flushing nmethod 0x000001f78df3d690
Event: 1181.806 Thread 0x000001f79f4087d0 flushing nmethod 0x000001f78e02e110
Event: 1181.807 Thread 0x000001f79f4087d0 flushing nmethod 0x000001f78e097d10
Event: 1181.807 Thread 0x000001f79f4087d0 flushing nmethod 0x000001f78e168a90
Event: 1181.807 Thread 0x000001f79f4087d0 flushing nmethod 0x000001f78e169210
Event: 1181.808 Thread 0x000001f79f4087d0 flushing nmethod 0x000001f78e1a9790
Event: 1181.808 Thread 0x000001f79f4087d0 flushing nmethod 0x000001f78e260490
Event: 1181.810 Thread 0x000001f79f4087d0 flushing nmethod 0x000001f78e411d10
Event: 1181.812 Thread 0x000001f79f4087d0 flushing nmethod 0x000001f78e651890
Event: 1181.812 Thread 0x000001f79f4087d0 flushing nmethod 0x000001f78e692a10
Event: 1181.813 Thread 0x000001f79f4087d0 flushing nmethod 0x000001f78e761810
Event: 1181.814 Thread 0x000001f79f4087d0 flushing nmethod 0x000001f78e88b710
Event: 1181.815 Thread 0x000001f79f4087d0 flushing nmethod 0x000001f78e989810
Event: 1181.815 Thread 0x000001f79f4087d0 flushing nmethod 0x000001f78e9b3090
Event: 1182.066 Thread 0x000001f7a574c2e0 Thread added: 0x000001f7a574c2e0
Event: 1182.281 Thread 0x000001f7a574f300 Thread added: 0x000001f7a574f300
Event: 1182.353 Thread 0x000001f7a574f300 Thread exited: 0x000001f7a574f300
Event: 1182.762 Thread 0x000001f7a574f300 Thread added: 0x000001f7a574f300
Event: 1183.368 Thread 0x000001f7a574f7d0 Thread added: 0x000001f7a574f7d0
Event: 1183.435 Thread 0x000001f7a574f7d0 Thread exited: 0x000001f7a574f7d0


Dynamic libraries:
0x00007ff65c600000 - 0x00007ff65c60e000 	c:\Users\gaura\.vscode\extensions\redhat.java-1.4.0\jre\17.0.2-win32-x86_64\bin\java.exe
0x00007ffe69770000 - 0x00007ffe69965000 	C:\Windows\SYSTEM32\ntdll.dll
0x00007ffe69030000 - 0x00007ffe690ee000 	C:\Windows\System32\KERNEL32.DLL
0x00007ffe66e90000 - 0x00007ffe67158000 	C:\Windows\System32\KERNELBASE.dll
0x00007ffe67480000 - 0x00007ffe67580000 	C:\Windows\System32\ucrtbase.dll
0x00007ffe54300000 - 0x00007ffe54318000 	c:\Users\gaura\.vscode\extensions\redhat.java-1.4.0\jre\17.0.2-win32-x86_64\bin\jli.dll
0x00007ffe684f0000 - 0x00007ffe68690000 	C:\Windows\System32\USER32.dll
0x00007ffe67580000 - 0x00007ffe675a2000 	C:\Windows\System32\win32u.dll
0x00007ffe677d0000 - 0x00007ffe677fb000 	C:\Windows\System32\GDI32.dll
0x00007ffe675b0000 - 0x00007ffe676bb000 	C:\Windows\System32\gdi32full.dll
0x00007ffe67730000 - 0x00007ffe677cd000 	C:\Windows\System32\msvcp_win.dll
0x00007ffe54110000 - 0x00007ffe54129000 	c:\Users\gaura\.vscode\extensions\redhat.java-1.4.0\jre\17.0.2-win32-x86_64\bin\VCRUNTIME140.dll
0x00007ffe58090000 - 0x00007ffe5832a000 	C:\Windows\WinSxS\amd64_microsoft.windows.common-controls_6595b64144ccf1df_6.0.19041.1110_none_60b5254171f9507e\COMCTL32.dll
0x00007ffe68190000 - 0x00007ffe6822e000 	C:\Windows\System32\msvcrt.dll
0x00007ffe68240000 - 0x00007ffe68270000 	C:\Windows\System32\IMM32.DLL
0x00007ffe61210000 - 0x00007ffe6121c000 	c:\Users\gaura\.vscode\extensions\redhat.java-1.4.0\jre\17.0.2-win32-x86_64\bin\vcruntime140_1.dll
0x00007ffe236e0000 - 0x00007ffe23771000 	c:\Users\gaura\.vscode\extensions\redhat.java-1.4.0\jre\17.0.2-win32-x86_64\bin\msvcp140.dll
0x00007ffdf1d00000 - 0x00007ffdf2947000 	c:\Users\gaura\.vscode\extensions\redhat.java-1.4.0\jre\17.0.2-win32-x86_64\bin\server\jvm.dll
0x00007ffe680e0000 - 0x00007ffe6818e000 	C:\Windows\System32\ADVAPI32.dll
0x00007ffe69630000 - 0x00007ffe696cc000 	C:\Windows\System32\sechost.dll
0x00007ffe68e30000 - 0x00007ffe68f55000 	C:\Windows\System32\RPCRT4.dll
0x00007ffe68230000 - 0x00007ffe68238000 	C:\Windows\System32\PSAPI.DLL
0x00007ffe611c0000 - 0x00007ffe611c9000 	C:\Windows\SYSTEM32\WSOCK32.dll
0x00007ffe688f0000 - 0x00007ffe6895b000 	C:\Windows\System32\WS2_32.dll
0x00007ffe64490000 - 0x00007ffe644b7000 	C:\Windows\SYSTEM32\WINMM.dll
0x00007ffe60200000 - 0x00007ffe6020a000 	C:\Windows\SYSTEM32\VERSION.dll
0x00007ffe64da0000 - 0x00007ffe64db2000 	C:\Windows\SYSTEM32\kernel.appcore.dll
0x00007ffe60cb0000 - 0x00007ffe60cba000 	c:\Users\gaura\.vscode\extensions\redhat.java-1.4.0\jre\17.0.2-win32-x86_64\bin\jimage.dll
0x00007ffe524f0000 - 0x00007ffe526d4000 	C:\Windows\SYSTEM32\DBGHELP.DLL
0x00007ffe524c0000 - 0x00007ffe524ec000 	C:\Windows\SYSTEM32\dbgcore.DLL
0x00007ffe67260000 - 0x00007ffe672e2000 	C:\Windows\System32\bcryptPrimitives.dll
0x00007ffe44a00000 - 0x00007ffe44a25000 	c:\Users\gaura\.vscode\extensions\redhat.java-1.4.0\jre\17.0.2-win32-x86_64\bin\java.dll
0x00007ffe4f560000 - 0x00007ffe4f578000 	c:\Users\gaura\.vscode\extensions\redhat.java-1.4.0\jre\17.0.2-win32-x86_64\bin\zip.dll
0x00007ffe67990000 - 0x00007ffe680d4000 	C:\Windows\System32\SHELL32.dll
0x00007ffe64fa0000 - 0x00007ffe65734000 	C:\Windows\SYSTEM32\windows.storage.dll
0x00007ffe690f0000 - 0x00007ffe69444000 	C:\Windows\System32\combase.dll
0x00007ffe668f0000 - 0x00007ffe6691c000 	C:\Windows\SYSTEM32\Wldp.dll
0x00007ffe68f80000 - 0x00007ffe6902d000 	C:\Windows\System32\SHCORE.dll
0x00007ffe687b0000 - 0x00007ffe68805000 	C:\Windows\System32\shlwapi.dll
0x00007ffe66dd0000 - 0x00007ffe66def000 	C:\Windows\SYSTEM32\profapi.dll
0x00007ffe61230000 - 0x00007ffe61249000 	C:\Users\gaura\.vscode\extensions\redhat.java-1.4.0\jre\17.0.2-win32-x86_64\bin\net.dll
0x00007ffe58420000 - 0x00007ffe58529000 	C:\Windows\SYSTEM32\WINHTTP.dll
0x00007ffe66650000 - 0x00007ffe666ba000 	C:\Windows\system32\mswsock.dll
0x00007ffe55ec0000 - 0x00007ffe55ed5000 	C:\Users\gaura\.vscode\extensions\redhat.java-1.4.0\jre\17.0.2-win32-x86_64\bin\nio.dll
0x00007ffe66840000 - 0x00007ffe66858000 	C:\Windows\SYSTEM32\CRYPTSP.dll
0x00007ffe65f60000 - 0x00007ffe65f94000 	C:\Windows\system32\rsaenh.dll
0x00007ffe672f0000 - 0x00007ffe67317000 	C:\Windows\System32\bcrypt.dll
0x00007ffe66d90000 - 0x00007ffe66dbe000 	C:\Windows\SYSTEM32\USERENV.dll
0x00007ffe66860000 - 0x00007ffe6686c000 	C:\Windows\SYSTEM32\CRYPTBASE.dll
0x00007ffe662f0000 - 0x00007ffe6632b000 	C:\Windows\SYSTEM32\IPHLPAPI.DLL
0x00007ffe69450000 - 0x00007ffe69458000 	C:\Windows\System32\NSI.dll
0x00007ffe5b4d0000 - 0x00007ffe5b4e7000 	C:\Windows\SYSTEM32\dhcpcsvc6.DLL
0x00007ffe5baa0000 - 0x00007ffe5babd000 	C:\Windows\SYSTEM32\dhcpcsvc.DLL
0x00007ffe66330000 - 0x00007ffe663fa000 	C:\Windows\SYSTEM32\DNSAPI.dll
0x00007ffe56920000 - 0x00007ffe5695e000 	C:\Users\gaura\AppData\Roaming\Code\User\globalStorage\redhat.java\1.4.0\config_win\org.eclipse.equinox.launcher\org.eclipse.equinox.launcher.win32.win32.x86_64_1.2.400.v20211117-0650\eclipse_11602.dll
0x00007ffe69460000 - 0x00007ffe6958a000 	C:\Windows\System32\ole32.dll
0x00007ffe61ca0000 - 0x00007ffe61cb0000 	c:\Users\gaura\.vscode\extensions\redhat.java-1.4.0\jre\17.0.2-win32-x86_64\bin\verify.dll
0x00007ffe56900000 - 0x00007ffe56911000 	C:\Users\gaura\AppData\Roaming\Code\User\globalStorage\redhat.java\1.4.0\config_win\org.eclipse.osgi\22\0\.cp\jWinHttp-1.0.0.dll
0x00007ffe61ad0000 - 0x00007ffe61ade000 	C:\Users\gaura\.vscode\extensions\redhat.java-1.4.0\jre\17.0.2-win32-x86_64\bin\sunmscapi.dll
0x00007ffe67320000 - 0x00007ffe67476000 	C:\Windows\System32\CRYPT32.dll
0x00007ffe66960000 - 0x00007ffe66987000 	C:\Windows\SYSTEM32\ncrypt.dll
0x00007ffe66920000 - 0x00007ffe6695b000 	C:\Windows\SYSTEM32\NTASN1.dll
0x00007ffe57610000 - 0x00007ffe5761a000 	C:\Windows\System32\rasadhlp.dll
0x00007ffe57c20000 - 0x00007ffe57c9f000 	C:\Windows\System32\fwpuclnt.dll

dbghelp: loaded successfully - version: 4.0.5 - missing functions: none
symbol engine: initialized successfully - sym options: 0x614 - pdb path: .;c:\Users\gaura\.vscode\extensions\redhat.java-1.4.0\jre\17.0.2-win32-x86_64\bin;C:\Windows\SYSTEM32;C:\Windows\WinSxS\amd64_microsoft.windows.common-controls_6595b64144ccf1df_6.0.19041.1110_none_60b5254171f9507e;c:\Users\gaura\.vscode\extensions\redhat.java-1.4.0\jre\17.0.2-win32-x86_64\bin\server;C:\Users\gaura\AppData\Roaming\Code\User\globalStorage\redhat.java\1.4.0\config_win\org.eclipse.equinox.launcher\org.eclipse.equinox.launcher.win32.win32.x86_64_1.2.400.v20211117-0650;C:\Users\gaura\AppData\Roaming\Code\User\globalStorage\redhat.java\1.4.0\config_win\org.eclipse.osgi\22\0\.cp

VM Arguments:
jvm_args: --add-modules=ALL-SYSTEM --add-opens=java.base/java.util=ALL-UNNAMED --add-opens=java.base/java.lang=ALL-UNNAMED --add-opens=java.base/sun.nio.fs=ALL-UNNAMED -Declipse.application=org.eclipse.jdt.ls.core.id1 -Dosgi.bundles.defaultStartLevel=4 -Declipse.product=org.eclipse.jdt.ls.core.product -Djava.import.generatesMetadataFilesAtProjectRoot=false -Dfile.encoding=utf8 -DwatchParentProcess=false -XX:+UseParallelGC -XX:GCTimeRatio=4 -XX:AdaptiveSizePolicyWeight=90 -Dsun.zip.disableMemoryMapping=true -Xmx1G -Xms100m -XX:+HeapDumpOnOutOfMemoryError -XX:HeapDumpPath=c:\Users\gaura\AppData\Roaming\Code\User\workspaceStorage\f492483df922618f318f9059ff444a45\redhat.java 
java_command: c:\Users\gaura\.vscode\extensions\redhat.java-1.4.0\server\plugins\org.eclipse.equinox.launcher_1.6.400.v20210924-0641.jar -configuration c:\Users\gaura\AppData\Roaming\Code\User\globalStorage\redhat.java\1.4.0\config_win -data c:\Users\gaura\AppData\Roaming\Code\User\workspaceStorage\f492483df922618f318f9059ff444a45\redhat.java\jdt_ws
java_class_path (initial): c:\Users\gaura\.vscode\extensions\redhat.java-1.4.0\server\plugins\org.eclipse.equinox.launcher_1.6.400.v20210924-0641.jar
Launcher Type: SUN_STANDARD

[Global flags]
    uintx AdaptiveSizePolicyWeight                 = 90                                        {product} {command line}
     intx CICompilerCount                          = 3                                         {product} {ergonomic}
    uintx GCTimeRatio                              = 4                                         {product} {command line}
     bool HeapDumpOnOutOfMemoryError               = true                                   {manageable} {command line}
    ccstr HeapDumpPath                             = c:\Users\gaura\AppData\Roaming\Code\User\workspaceStorage\f492483df922618f318f9059ff444a45\redhat.java         {manageable} {command line}
   size_t InitialHeapSize                          = 104857600                                 {product} {command line}
   size_t MaxHeapSize                              = 1073741824                                {product} {command line}
   size_t MaxNewSize                               = 357564416                                 {product} {ergonomic}
   size_t MinHeapDeltaBytes                        = 524288                                    {product} {ergonomic}
   size_t MinHeapSize                              = 104857600                                 {product} {command line}
   size_t NewSize                                  = 34603008                                  {product} {ergonomic}
    uintx NonNMethodCodeHeapSize                   = 5832780                                {pd product} {ergonomic}
    uintx NonProfiledCodeHeapSize                  = 122912730                              {pd product} {ergonomic}
   size_t OldSize                                  = 70254592                                  {product} {ergonomic}
    uintx ProfiledCodeHeapSize                     = 122912730                              {pd product} {ergonomic}
    uintx ReservedCodeCacheSize                    = 251658240                              {pd product} {ergonomic}
     bool SegmentedCodeCache                       = true                                      {product} {ergonomic}
   size_t SoftMaxHeapSize                          = 1073741824                             {manageable} {ergonomic}
     bool UseCompressedClassPointers               = true                           {product lp64_product} {ergonomic}
     bool UseCompressedOops                        = true                           {product lp64_product} {ergonomic}
     bool UseLargePagesIndividualAllocation        = false                                  {pd product} {ergonomic}
     bool UseParallelGC                            = true                                      {product} {command line}

Logging:
Log output configuration:
 #0: stdout all=warning uptime,level,tags
 #1: stderr all=off uptime,level,tags

Environment Variables:
PATH=C:\Program Files\Common Files\Oracle\Java\javapath;C:\Windows\system32;C:\Windows;C:\Windows\System32\Wbem;C:\Windows\System32\WindowsPowerShell\v1.0\;C:\Windows\System32\OpenSSH\;C:\Program Files\Git\cmd;C:\Program Files\Git\bin;C:\Program Files\nodejs\;C:\ProgramData\chocolatey\bin;C:\Users\gaura\AppData\Local\Programs\Python\Python310\Scripts\;C:\Users\gaura\AppData\Local\Programs\Python\Python310\;C:\Users\gaura\AppData\Local\Microsoft\WindowsApps;;C:\Users\gaura\AppData\Local\Programs\Microsoft VS Code\bin;C:\Users\gaura\AppData\Roaming\npm
USERNAME=gaura
OS=Windows_NT
PROCESSOR_IDENTIFIER=Intel64 Family 6 Model 78 Stepping 3, GenuineIntel



---------------  S Y S T E M  ---------------

OS:
 Windows 10 , 64 bit Build 19041 (10.0.19041.1566)
OS uptime: 6 days 0:17 hours

CPU: total 4 (initial active 4) (2 cores per cpu, 2 threads per core) family 6 model 78 stepping 3 microcode 0xd6, cx8, cmov, fxsr, ht, mmx, 3dnowpref, sse, sse2, sse3, ssse3, sse4.1, sse4.2, popcnt, lzcnt, tsc, tscinvbit, avx, avx2, aes, erms, clmul, bmi1, bmi2, adx, fma, vzeroupper, clflush, clflushopt

Memory: 4k page, system-wide physical 8048M (1936M free)
TotalPageFile size 9950M (AvailPageFile size 8M)
current process WorkingSet (physical memory assigned to process): 483M, peak: 488M
current process commit charge ("private bytes"): 489M, peak: 499M

vm_info: OpenJDK 64-Bit Server VM (17.0.2+8) for windows-amd64 JRE (17.0.2+8), built on Jan 20 2022 04:52:34 by "" with MS VC++ 16.7 (VS2019)

END.
