#
# There is insufficient memory for the Java Runtime Environment to continue.
# Native memory allocation (malloc) failed to allocate 32744 bytes for ChunkPool::allocate
# Possible reasons:
#   The system is out of physical RAM or swap space
#   The process is running with CompressedOops enabled, and the Java Heap may be blocking the growth of the native heap
# Possible solutions:
#   Reduce memory load on the system
#   Increase physical memory or swap space
#   Check if swap backing store is full
#   Decrease Java heap size (-Xmx/-Xms)
#   Decrease number of Java threads
#   Decrease Java thread stack sizes (-Xss)
#   Set larger code cache with -XX:ReservedCodeCacheSize=
#   JVM is running with Unscaled Compressed Oops mode in which the Java heap is
#     placed in the first 4GB address space. The Java Heap base address is the
#     maximum limit for the native heap growth. Please use -XX:HeapBaseMinAddress
#     to set the Java Heap base and to place the Java Heap above 4GB virtual address.
# This output file may be truncated or incomplete.
#
#  Out of Memory Error (arena.cpp:78), pid=10932, tid=14936
#
# JRE version: Java(TM) SE Runtime Environment (17.0.1+12) (build 17.0.1+12-LTS-39)
# Java VM: Java HotSpot(TM) 64-Bit Server VM (17.0.1+12-LTS-39, mixed mode, tiered, compressed oops, compressed class ptrs, g1 gc, windows-amd64)
# No core dump will be written. Minidumps are not enabled by default on client versions of Windows
#

---------------  S U M M A R Y ------------

Command Line: -Dapplication.home=C:\Program Files\Java\jdk-17.0.1 --add-modules=ALL-DEFAULT -Xms8m -Djdk.module.main=jdk.compiler jdk.compiler/com.sun.tools.javac.Main best_fit_maze.java

Host: Intel(R) Core(TM) i5-6200U CPU @ 2.30GHz, 4 cores, 7G,  Windows 10 , 64 bit Build 19041 (10.0.19041.1566)
Time: Wed Mar 30 21:53:14 2022 India Standard Time elapsed time: 0.171653 seconds (0d 0h 0m 0s)

---------------  T H R E A D  ---------------

Current thread (0x000002a8001a9fb0):  JavaThread "C1 CompilerThread0" daemon [_thread_in_native, id=14936, stack(0x000000ef80e00000,0x000000ef80f00000)]


Current CompileTask:
C1:    171   33   !   3       java.util.concurrent.ConcurrentHashMap::putVal (432 bytes)

Stack: [0x000000ef80e00000,0x000000ef80f00000]
Native frames: (J=compiled Java code, j=interpreted, Vv=VM code, C=native code)
V  [jvm.dll+0x66fa1a]
V  [jvm.dll+0x7ce5a4]
V  [jvm.dll+0x7cfd4e]
V  [jvm.dll+0x7d03b3]
V  [jvm.dll+0x242b05]
V  [jvm.dll+0xaa2a0]
V  [jvm.dll+0xaa5ec]
V  [jvm.dll+0x65d32b]
V  [jvm.dll+0x147cc1]
V  [jvm.dll+0x14dd37]
V  [jvm.dll+0x14e13a]
V  [jvm.dll+0x14e3d7]
V  [jvm.dll+0x14e20e]
V  [jvm.dll+0x1321a9]
V  [jvm.dll+0x131d0a]
V  [jvm.dll+0x131ef6]
V  [jvm.dll+0x13138a]
V  [jvm.dll+0x133051]
V  [jvm.dll+0x224848]
V  [jvm.dll+0x2229ac]
V  [jvm.dll+0x78435b]
V  [jvm.dll+0x77e91a]
V  [jvm.dll+0x66e845]
C  [ucrtbase.dll+0x21bb2]
C  [KERNEL32.DLL+0x17034]
C  [ntdll.dll+0x52651]


---------------  P R O C E S S  ---------------

Threads class SMR info:
_java_thread_list=0x000002a800199440, length=10, elements={
0x000002a85f0ee260, 0x000002a80012be60, 0x000002a800126210, 0x000002a8001a8630,
0x000002a8001a8ef0, 0x000002a8001a97b0, 0x000002a800170fd0, 0x000002a800172680,
0x000002a8001a9fb0, 0x000002a8001ab090
}

Java Threads: ( => current thread )
  0x000002a85f0ee260 JavaThread "main" [_thread_in_vm, id=17728, stack(0x000000ef80000000,0x000000ef80100000)]
  0x000002a80012be60 JavaThread "Reference Handler" daemon [_thread_blocked, id=20860, stack(0x000000ef80700000,0x000000ef80800000)]
  0x000002a800126210 JavaThread "Finalizer" daemon [_thread_blocked, id=22500, stack(0x000000ef80800000,0x000000ef80900000)]
  0x000002a8001a8630 JavaThread "Signal Dispatcher" daemon [_thread_blocked, id=13076, stack(0x000000ef80900000,0x000000ef80a00000)]
  0x000002a8001a8ef0 JavaThread "Attach Listener" daemon [_thread_blocked, id=1236, stack(0x000000ef80a00000,0x000000ef80b00000)]
  0x000002a8001a97b0 JavaThread "Service Thread" daemon [_thread_blocked, id=8620, stack(0x000000ef80b00000,0x000000ef80c00000)]
  0x000002a800170fd0 JavaThread "Monitor Deflation Thread" daemon [_thread_blocked, id=17388, stack(0x000000ef80c00000,0x000000ef80d00000)]
  0x000002a800172680 JavaThread "C2 CompilerThread0" daemon [_thread_blocked, id=18568, stack(0x000000ef80d00000,0x000000ef80e00000)]
=>0x000002a8001a9fb0 JavaThread "C1 CompilerThread0" daemon [_thread_in_native, id=14936, stack(0x000000ef80e00000,0x000000ef80f00000)]
  0x000002a8001ab090 JavaThread "Sweeper thread" daemon [_thread_blocked, id=16692, stack(0x000000ef80f00000,0x000000ef81000000)]

Other Threads:
  0x000002a8000e9120 VMThread "VM Thread" [stack: 0x000000ef80600000,0x000000ef80700000] [id=5252]
  0x000002a85f12d020 GCTaskThread "GC Thread#0" [stack: 0x000000ef80100000,0x000000ef80200000] [id=2308]
  0x000002a85f13f1e0 ConcurrentGCThread "G1 Main Marker" [stack: 0x000000ef80200000,0x000000ef80300000] [id=19956]
  0x000002a85f13fb00 ConcurrentGCThread "G1 Conc#0" [stack: 0x000000ef80300000,0x000000ef80400000] [id=20640]
  0x000002a85f15b390 ConcurrentGCThread "G1 Refine#0" [stack: 0x000000ef80400000,0x000000ef80500000] [id=18940]
  0x000002a85f15bcc0 ConcurrentGCThread "G1 Service" [stack: 0x000000ef80500000,0x000000ef80600000] [id=7668]

Threads with active compile tasks:
C1 CompilerThread0      248   33   !   3       java.util.concurrent.ConcurrentHashMap::putVal (432 bytes)

VM state: not at safepoint (normal execution)

VM Mutex/Monitor currently owned by a thread:  ([mutex/lock_event])
[0x000002a85f0e8460] Metaspace_lock - owner thread: 0x000002a85f0ee260

Heap address: 0x0000000082200000, size: 2014 MB, Compressed Oops mode: 32-bit

CDS archive(s) not mapped
Compressed class space mapped at: 0x0000000100000000-0x0000000140000000, reserved size: 1073741824
Narrow klass base: 0x0000000000000000, Narrow klass shift: 3, Narrow klass range: 0x140000000

GC Precious Log:
 CPUs: 4 total, 4 available
 Memory: 8048M
 Large Page Support: Disabled
 NUMA Support: Disabled
 Compressed Oops: Enabled (32-bit)
 Heap Region Size: 1M
 Heap Min Capacity: 8M
 Heap Initial Capacity: 8M
 Heap Max Capacity: 2014M
 Pre-touch: Disabled
 Parallel Workers: 4
 Concurrent Workers: 1
 Concurrent Refinement Workers: 4
 Periodic GC: Disabled

Heap:
 garbage-first heap   total 8192K, used 0K [0x0000000082200000, 0x0000000100000000)
  region size 1024K, 1 young (1024K), 0 survivors (0K)
 Metaspace       used 4160K, committed 4224K, reserved 1056768K
  class space    used 321K, committed 384K, reserved 1048576K

Heap Regions: E=young(eden), S=young(survivor), O=old, HS=humongous(starts), HC=humongous(continues), CS=collection set, F=free, OA=open archive, CA=closed archive, TAMS=top-at-mark-start (previous, next)
|   0|0x0000000082200000, 0x0000000082200000, 0x0000000082300000|  0%| F|  |TAMS 0x0000000082200000, 0x0000000082200000| Untracked 
|   1|0x0000000082300000, 0x0000000082300000, 0x0000000082400000|  0%| F|  |TAMS 0x0000000082300000, 0x0000000082300000| Untracked 
|   2|0x0000000082400000, 0x0000000082400000, 0x0000000082500000|  0%| F|  |TAMS 0x0000000082400000, 0x0000000082400000| Untracked 
|   3|0x0000000082500000, 0x0000000082500000, 0x0000000082600000|  0%| F|  |TAMS 0x0000000082500000, 0x0000000082500000| Untracked 
|   4|0x0000000082600000, 0x0000000082600000, 0x0000000082700000|  0%| F|  |TAMS 0x0000000082600000, 0x0000000082600000| Untracked 
|   5|0x0000000082700000, 0x0000000082700000, 0x0000000082800000|  0%| F|  |TAMS 0x0000000082700000, 0x0000000082700000| Untracked 
|   6|0x0000000082800000, 0x0000000082800000, 0x0000000082900000|  0%| F|  |TAMS 0x0000000082800000, 0x0000000082800000| Untracked 
|   7|0x0000000082900000, 0x000000008299de18, 0x0000000082a00000| 61%| E|  |TAMS 0x0000000082900000, 0x0000000082900000| Complete 

Card table byte_map: [0x000002a877b30000,0x000002a877f20000] _byte_map_base: 0x000002a87771f000

Marking Bits (Prev, Next): (CMBitMap*) 0x000002a85f12e550, (CMBitMap*) 0x000002a85f12e590
 Prev Bits: [0x000002a878310000, 0x000002a87a288000)
 Next Bits: [0x000002a87a290000, 0x000002a87c208000)

Polling page: 0x000002a85ef70000

Metaspace:

Usage:
  Non-class:      3.75 MB used.
      Class:    321.27 KB used.
       Both:      4.06 MB used.

Virtual space:
  Non-class space:        8.00 MB reserved,       3.75 MB ( 47%) committed,  1 nodes.
      Class space:        1.00 GB reserved,     384.00 KB ( <1%) committed,  1 nodes.
             Both:        1.01 GB reserved,       4.12 MB ( <1%) committed. 

Chunk freelists:
   Non-Class:  0 bytes
       Class:  3.62 MB
        Both:  3.62 MB

MaxMetaspaceSize: unlimited
CompressedClassSpaceSize: 1.00 GB
Initial GC threshold: 21.00 MB
Current GC threshold: 21.00 MB
CDS: off
MetaspaceReclaimPolicy: balanced
 - commit_granule_bytes: 65536.
 - commit_granule_words: 8192.
 - virtual_space_node_default_size: 1048576.
 - enlarge_chunks_in_place: 1.
 - new_chunks_are_fully_committed: 0.
 - uncommit_free_chunks: 1.
 - use_allocation_guard: 0.
 - handle_deallocations: 1.


Internal statistics:

num_allocs_failed_limit: 0.
num_arena_births: 2.
num_arena_deaths: 0.
num_vsnodes_births: 2.
num_vsnodes_deaths: 0.
num_space_committed: 66.
num_space_uncommitted: 0.
num_chunks_returned_to_freelist: 0.
num_chunks_taken_from_freelist: 4.
num_chunk_merges: 0.
num_chunk_splits: 1.
num_chunks_enlarged: 0.
num_purges: 0.
num_inconsistent_stats: 0.

CodeHeap 'non-profiled nmethods': size=120000Kb used=10Kb max_used=10Kb free=119989Kb
 bounds [0x000002a86fbf0000, 0x000002a86fe60000, 0x000002a877120000]
CodeHeap 'profiled nmethods': size=120000Kb used=31Kb max_used=31Kb free=119968Kb
 bounds [0x000002a8686c0000, 0x000002a868930000, 0x000002a86fbf0000]
CodeHeap 'non-nmethods': size=5760Kb used=1060Kb max_used=1060Kb free=4699Kb
 bounds [0x000002a868120000, 0x000002a868390000, 0x000002a8686c0000]
 total_blobs=357 nmethods=35 adapters=235
 compilation: enabled
              stopped_count=0, restarted_count=0
 full_count=0

Compilation events (20 events):
Event: 0.104 Thread 0x000002a8001a9fb0 nmethod 18 0x000002a8686c5210 code [0x000002a8686c53c0, 0x000002a8686c55c8]
Event: 0.104 Thread 0x000002a8001a9fb0   19       1       java.lang.module.ModuleReference::descriptor (5 bytes)
Event: 0.104 Thread 0x000002a8001a9fb0 nmethod 19 0x000002a86fbf0310 code [0x000002a86fbf04a0, 0x000002a86fbf0578]
Event: 0.106 Thread 0x000002a800172680   20       4       java.lang.Object::<init> (1 bytes)
Event: 0.106 Thread 0x000002a8001a9fb0   21       3       java.util.concurrent.ConcurrentHashMap::tabAt (22 bytes)
Event: 0.107 Thread 0x000002a8001a9fb0 nmethod 21 0x000002a8686c5710 code [0x000002a8686c58c0, 0x000002a8686c5b78]
Event: 0.107 Thread 0x000002a8001a9fb0   22       3       jdk.internal.misc.Unsafe::getReferenceAcquire (7 bytes)
Event: 0.107 Thread 0x000002a8001a9fb0 nmethod 22 0x000002a8686c5c90 code [0x000002a8686c5e20, 0x000002a8686c5f78]
Event: 0.107 Thread 0x000002a8001a9fb0   25       3       java.util.ImmutableCollections$SetN$SetNIterator::next (90 bytes)
Event: 0.107 Thread 0x000002a800172680 nmethod 20 0x000002a86fbf0a90 code [0x000002a86fbf0c00, 0x000002a86fbf0c78]
Event: 0.107 Thread 0x000002a8001a9fb0 nmethod 25 0x000002a8686c6010 code [0x000002a8686c61c0, 0x000002a8686c64c8]
Event: 0.107 Thread 0x000002a8001a9fb0   24       3       java.util.concurrent.ConcurrentHashMap::spread (10 bytes)
Event: 0.107 Thread 0x000002a8001a9fb0 nmethod 24 0x000002a8686c6610 code [0x000002a8686c67a0, 0x000002a8686c6898]
Event: 0.131 Thread 0x000002a8001a9fb0   27       3       java.util.Objects::equals (23 bytes)
Event: 0.131 Thread 0x000002a8001a9fb0 nmethod 27 0x000002a8686c6910 code [0x000002a8686c6ac0, 0x000002a8686c6d28]
Event: 0.132 Thread 0x000002a8001a9fb0   28       1       java.lang.Enum::ordinal (5 bytes)
Event: 0.133 Thread 0x000002a8001a9fb0 nmethod 28 0x000002a86fbf1090 code [0x000002a86fbf1220, 0x000002a86fbf12f8]
Event: 0.134 Thread 0x000002a8001a9fb0   31       3       java.util.concurrent.ConcurrentHashMap::addCount (280 bytes)
Event: 0.136 Thread 0x000002a8001a9fb0 nmethod 31 0x000002a8686c6e10 code [0x000002a8686c7060, 0x000002a8686c79e8]
Event: 0.136 Thread 0x000002a8001a9fb0   33   !   3       java.util.concurrent.ConcurrentHashMap::putVal (432 bytes)

GC Heap History (0 events):
No events

Deoptimization events (0 events):
No events

Classes unloaded (0 events):
No events

Classes redefined (0 events):
No events

Internal exceptions (0 events):
No events

VM Operations (0 events):
No events

Events (20 events):
Event: 0.139 loading class jdk/internal/org/objectweb/asm/MethodWriter done
Event: 0.139 loading class jdk/internal/org/objectweb/asm/Label
Event: 0.140 loading class jdk/internal/org/objectweb/asm/Label done
Event: 0.140 loading class java/lang/invoke/InnerClassLambdaMetafactory$ForwardingMethodGenerator
Event: 0.140 loading class java/lang/invoke/TypeConvertingMethodAdapter
Event: 0.140 loading class java/lang/invoke/TypeConvertingMethodAdapter done
Event: 0.140 loading class java/lang/invoke/InnerClassLambdaMetafactory$ForwardingMethodGenerator done
Event: 0.140 loading class jdk/internal/org/objectweb/asm/Handler
Event: 0.140 loading class jdk/internal/org/objectweb/asm/Handler done
Event: 0.140 loading class jdk/internal/org/objectweb/asm/Attribute
Event: 0.140 loading class jdk/internal/org/objectweb/asm/Attribute done
Event: 0.140 loading class jdk/internal/org/objectweb/asm/AnnotationWriter
Event: 0.140 loading class jdk/internal/org/objectweb/asm/AnnotationVisitor
Event: 0.140 loading class jdk/internal/org/objectweb/asm/AnnotationVisitor done
Event: 0.140 loading class jdk/internal/org/objectweb/asm/AnnotationWriter done
Event: 0.140 loading class java/lang/invoke/MethodHandles$Lookup$ClassOption
Event: 0.140 loading class java/lang/invoke/MethodHandles$Lookup$ClassOption done
Event: 0.141 loading class java/lang/invoke/MethodHandles$Lookup$ClassFile
Event: 0.141 loading class java/lang/invoke/MethodHandles$Lookup$ClassFile done
Event: 0.141 loading class jdk/internal/org/objectweb/asm/ClassReader


Dynamic libraries:
0x00007ff710c00000 - 0x00007ff710c08000 	C:\Program Files\Java\jdk-17.0.1\bin\javac.exe
0x00007ffe69770000 - 0x00007ffe69965000 	C:\Windows\SYSTEM32\ntdll.dll
0x00007ffe69030000 - 0x00007ffe690ee000 	C:\Windows\System32\KERNEL32.DLL
0x00007ffe66e90000 - 0x00007ffe67158000 	C:\Windows\System32\KERNELBASE.dll
0x00007ffe67480000 - 0x00007ffe67580000 	C:\Windows\System32\ucrtbase.dll
0x00007ffe61850000 - 0x00007ffe6186a000 	C:\Program Files\Java\jdk-17.0.1\bin\VCRUNTIME140.dll
0x00007ffe611b0000 - 0x00007ffe611c8000 	C:\Program Files\Java\jdk-17.0.1\bin\jli.dll
0x00007ffe680e0000 - 0x00007ffe6818e000 	C:\Windows\System32\ADVAPI32.dll
0x00007ffe68190000 - 0x00007ffe6822e000 	C:\Windows\System32\msvcrt.dll
0x00007ffe69630000 - 0x00007ffe696cc000 	C:\Windows\System32\sechost.dll
0x00007ffe68e30000 - 0x00007ffe68f55000 	C:\Windows\System32\RPCRT4.dll
0x00007ffe684f0000 - 0x00007ffe68690000 	C:\Windows\System32\USER32.dll
0x00007ffe58090000 - 0x00007ffe5832a000 	C:\Windows\WinSxS\amd64_microsoft.windows.common-controls_6595b64144ccf1df_6.0.19041.1110_none_60b5254171f9507e\COMCTL32.dll
0x00007ffe67580000 - 0x00007ffe675a2000 	C:\Windows\System32\win32u.dll
0x00007ffe677d0000 - 0x00007ffe677fb000 	C:\Windows\System32\GDI32.dll
0x00007ffe675b0000 - 0x00007ffe676bb000 	C:\Windows\System32\gdi32full.dll
0x00007ffe60200000 - 0x00007ffe6020a000 	C:\Windows\SYSTEM32\VERSION.dll
0x00007ffe67730000 - 0x00007ffe677cd000 	C:\Windows\System32\msvcp_win.dll
0x00007ffe68240000 - 0x00007ffe68270000 	C:\Windows\System32\IMM32.DLL
0x00007ffe61d40000 - 0x00007ffe61d4c000 	C:\Program Files\Java\jdk-17.0.1\bin\vcruntime140_1.dll
0x00007ffe541d0000 - 0x00007ffe5425d000 	C:\Program Files\Java\jdk-17.0.1\bin\msvcp140.dll
0x00007ffe2d820000 - 0x00007ffe2e3de000 	C:\Program Files\Java\jdk-17.0.1\bin\server\jvm.dll
0x00007ffe68230000 - 0x00007ffe68238000 	C:\Windows\System32\PSAPI.DLL
0x00007ffe628b0000 - 0x00007ffe628d7000 	C:\Windows\SYSTEM32\WINMM.dll
0x00007ffe61a20000 - 0x00007ffe61a29000 	C:\Windows\SYSTEM32\WSOCK32.dll
0x00007ffe688f0000 - 0x00007ffe6895b000 	C:\Windows\System32\WS2_32.dll
0x00007ffe64da0000 - 0x00007ffe64db2000 	C:\Windows\SYSTEM32\kernel.appcore.dll
0x00007ffe61840000 - 0x00007ffe6184a000 	C:\Program Files\Java\jdk-17.0.1\bin\jimage.dll
0x00007ffe524f0000 - 0x00007ffe526d4000 	C:\Windows\SYSTEM32\DBGHELP.DLL
0x00007ffe524c0000 - 0x00007ffe524ec000 	C:\Windows\SYSTEM32\dbgcore.DLL
0x00007ffe67260000 - 0x00007ffe672e2000 	C:\Windows\System32\bcryptPrimitives.dll
0x00007ffe54110000 - 0x00007ffe54135000 	C:\Program Files\Java\jdk-17.0.1\bin\java.dll
0x00007ffe36a10000 - 0x00007ffe36ae6000 	C:\Program Files\Java\jdk-17.0.1\bin\svml.dll
0x00007ffe67990000 - 0x00007ffe680d4000 	C:\Windows\System32\SHELL32.dll
0x00007ffe64fa0000 - 0x00007ffe65734000 	C:\Windows\SYSTEM32\windows.storage.dll
0x00007ffe690f0000 - 0x00007ffe69444000 	C:\Windows\System32\combase.dll
0x00007ffe668f0000 - 0x00007ffe6691c000 	C:\Windows\SYSTEM32\Wldp.dll
0x00007ffe68f80000 - 0x00007ffe6902d000 	C:\Windows\System32\SHCORE.dll
0x00007ffe687b0000 - 0x00007ffe68805000 	C:\Windows\System32\shlwapi.dll
0x00007ffe66dd0000 - 0x00007ffe66def000 	C:\Windows\SYSTEM32\profapi.dll

dbghelp: loaded successfully - version: 4.0.5 - missing functions: none
symbol engine: initialized successfully - sym options: 0x614 - pdb path: .;C:\Program Files\Java\jdk-17.0.1\bin;C:\Windows\SYSTEM32;C:\Windows\WinSxS\amd64_microsoft.windows.common-controls_6595b64144ccf1df_6.0.19041.1110_none_60b5254171f9507e;C:\Program Files\Java\jdk-17.0.1\bin\server

VM Arguments:
jvm_args: -Dapplication.home=C:\Program Files\Java\jdk-17.0.1 --add-modules=ALL-DEFAULT -Xms8m -Djdk.module.main=jdk.compiler 
java_command: jdk.compiler/com.sun.tools.javac.Main best_fit_maze.java
java_class_path (initial): <not set>
Launcher Type: SUN_STANDARD

[Global flags]
     intx CICompilerCount                          = 3                                         {product} {ergonomic}
     uint ConcGCThreads                            = 1                                         {product} {ergonomic}
     uint G1ConcRefinementThreads                  = 4                                         {product} {ergonomic}
   size_t G1HeapRegionSize                         = 1048576                                   {product} {ergonomic}
    uintx GCDrainStackTargetSize                   = 64                                        {product} {ergonomic}
   size_t InitialHeapSize                          = 8388608                                   {product} {command line}
   size_t MarkStackSize                            = 4194304                                   {product} {ergonomic}
   size_t MaxHeapSize                              = 2111832064                                {product} {ergonomic}
   size_t MaxNewSize                               = 1266679808                                {product} {ergonomic}
   size_t MinHeapDeltaBytes                        = 1048576                                   {product} {ergonomic}
   size_t MinHeapSize                              = 8388608                                   {product} {command line}
    uintx NonNMethodCodeHeapSize                   = 5832780                                {pd product} {ergonomic}
    uintx NonProfiledCodeHeapSize                  = 122912730                              {pd product} {ergonomic}
    uintx ProfiledCodeHeapSize                     = 122912730                              {pd product} {ergonomic}
    uintx ReservedCodeCacheSize                    = 251658240                              {pd product} {ergonomic}
     bool SegmentedCodeCache                       = true                                      {product} {ergonomic}
   size_t SoftMaxHeapSize                          = 2111832064                             {manageable} {ergonomic}
     bool UseCompressedClassPointers               = true                           {product lp64_product} {ergonomic}
     bool UseCompressedOops                        = true                           {product lp64_product} {ergonomic}
     bool UseG1GC                                  = true                                      {product} {ergonomic}
     bool UseLargePagesIndividualAllocation        = false                                  {pd product} {ergonomic}

Logging:
Log output configuration:
 #0: stdout all=warning uptime,level,tags
 #1: stderr all=off uptime,level,tags

Environment Variables:
PATH=C:\Program Files\Common Files\Oracle\Java\javapath;C:\Windows\system32;C:\Windows;C:\Windows\System32\Wbem;C:\Windows\System32\WindowsPowerShell\v1.0\;C:\Windows\System32\OpenSSH\;C:\Program Files\Git\cmd;C:\Program Files\Git\bin;C:\Program Files\nodejs\;C:\ProgramData\chocolatey\bin;C:\Users\gaura\AppData\Local\Programs\Python\Python310\Scripts\;C:\Users\gaura\AppData\Local\Programs\Python\Python310\;C:\Users\gaura\AppData\Local\Microsoft\WindowsApps;;C:\Users\gaura\AppData\Local\Programs\Microsoft VS Code\bin;C:\Users\gaura\AppData\Roaming\npm
USERNAME=gaura
OS=Windows_NT
PROCESSOR_IDENTIFIER=Intel64 Family 6 Model 78 Stepping 3, GenuineIntel



---------------  S Y S T E M  ---------------

OS:
 Windows 10 , 64 bit Build 19041 (10.0.19041.1566)
OS uptime: 5 days 5:05 hours

CPU: total 4 (initial active 4) (2 cores per cpu, 2 threads per core) family 6 model 78 stepping 3 microcode 0xd6, cx8, cmov, fxsr, ht, mmx, 3dnowpref, sse, sse2, sse3, ssse3, sse4.1, sse4.2, popcnt, lzcnt, tsc, tscinvbit, avx, avx2, aes, erms, clmul, bmi1, bmi2, adx, fma, vzeroupper, clflush, clflushopt

Memory: 4k page, system-wide physical 8048M (2725M free)
TotalPageFile size 9950M (AvailPageFile size 3M)
current process WorkingSet (physical memory assigned to process): 24M, peak: 24M
current process commit charge ("private bytes"): 68M, peak: 71M

vm_info: Java HotSpot(TM) 64-Bit Server VM (17.0.1+12-LTS-39) for windows-amd64 JRE (17.0.1+12-LTS-39), built on Sep 27 2021 18:41:35 by "mach5one" with MS VC++ 16.8 (VS2019)

END.
